#
# There is insufficient memory for the Java Runtime Environment to continue.
# Native memory allocation (mmap) failed to map 9437184 bytes. Error detail: G1 virtual space
# Possible reasons:
#   The system is out of physical RAM or swap space
#   This process is running with CompressedOops enabled, and the Java Heap may be blocking the growth of the native heap
# Possible solutions:
#   Reduce memory load on the system
#   Increase physical memory or swap space
#   Check if swap backing store is full
#   Decrease Java heap size (-Xmx/-Xms)
#   Decrease number of Java threads
#   Decrease Java thread stack sizes (-Xss)
#   Set larger code cache with -XX:ReservedCodeCacheSize=
#   JVM is running with Unscaled Compressed Oops mode in which the Java heap is
#     placed in the first 4GB address space. The Java Heap base address is the
#     maximum limit for the native heap growth. Please use -XX:HeapBaseMinAddress
#     to set the Java Heap base and to place the Java Heap above 4GB virtual address.
# This output file may be truncated or incomplete.
#
#  Out of Memory Error (os_windows.cpp:3703), pid=17204, tid=15780
#
# JRE version: OpenJDK Runtime Environment Temurin-23.0.1+11 (23.0.1+11) (build 23.0.1+11)
# Java VM: OpenJDK 64-Bit Server VM Temurin-23.0.1+11 (23.0.1+11, mixed mode, emulated-client, sharing, tiered, compressed oops, compressed class ptrs, g1 gc, windows-amd64)
# No core dump will be written. Minidumps are not enabled by default on client versions of Windows
#

---------------  S U M M A R Y ------------

Command Line: -Dcom.sun.management.jmxremote -Dcom.sun.management.jmxremote.port=65190 -Dcom.sun.management.jmxremote.authenticate=false -Dcom.sun.management.jmxremote.ssl=false -Djava.rmi.server.hostname=localhost -Dspring.jmx.enabled=true -Dmanagement.endpoints.jmx.exposure.include=* -Dspring.application.admin.enabled=true -Dspring.output.ansi.enabled=always -XX:TieredStopAtLevel=1 -Dspring.boot.project.name=ThirdParty-Cibil -Dfile.encoding=UTF-8 -Dstdout.encoding=UTF-8 -Dstderr.encoding=UTF-8 -XX:+ShowCodeDetailsInExceptionMessages com.ci.ThirdPartyCibilApplication

Host: Intel(R) Core(TM) i3-7020U CPU @ 2.30GHz, 4 cores, 3G,  Windows 10 , 64 bit Build 19041 (10.0.19041.5915)
Time: Wed Sep 24 10:56:18 2025 India Standard Time elapsed time: 17.604708 seconds (0d 0h 0m 17s)

---------------  T H R E A D  ---------------

Current thread (0x00000217c12a2230):  VMThread "VM Thread"          [id=15780, stack(0x0000008daa700000,0x0000008daa800000) (1024K)]

Stack: [0x0000008daa700000,0x0000008daa800000]
Native frames: (J=compiled Java code, j=interpreted, Vv=VM code, C=native code)
V  [jvm.dll+0x6e8c79]  (no source info available)
V  [jvm.dll+0x8d9253]  (no source info available)
V  [jvm.dll+0x8db6de]  (no source info available)
V  [jvm.dll+0x8dbdb3]  (no source info available)
V  [jvm.dll+0x281aa6]  (no source info available)
V  [jvm.dll+0x6e5575]  (no source info available)
V  [jvm.dll+0x6d958a]  (no source info available)
V  [jvm.dll+0x3625fa]  (no source info available)
V  [jvm.dll+0x36aa26]  (no source info available)
V  [jvm.dll+0x356fce]  (no source info available)
V  [jvm.dll+0x357268]  (no source info available)
V  [jvm.dll+0x32fbfc]  (no source info available)
V  [jvm.dll+0x32fc8a]  (no source info available)
V  [jvm.dll+0x37b292]  (no source info available)
V  [jvm.dll+0x37999c]  (no source info available)
V  [jvm.dll+0x32f3e7]  (no source info available)
V  [jvm.dll+0x3790a4]  (no source info available)
V  [jvm.dll+0x8e1c3f]  (no source info available)
V  [jvm.dll+0x8e2f56]  (no source info available)
V  [jvm.dll+0x8e3488]  (no source info available)
V  [jvm.dll+0x8e3723]  (no source info available)
V  [jvm.dll+0x8802ab]  (no source info available)
V  [jvm.dll+0x6e7485]  (no source info available)
C  [ucrtbase.dll+0x21bb2]  (no source info available)
C  [KERNEL32.DLL+0x17374]  (no source info available)
C  [ntdll.dll+0x4cc91]  (no source info available)

VM_Operation (0x0000008dabefc2f0): G1CollectForAllocation, mode: safepoint, requested by thread 0x000002180790ae90


---------------  P R O C E S S  ---------------

Threads class SMR info:
_java_thread_list=0x0000021807354de0, length=23, elements={
0x00000217b4a10540, 0x00000217c12ba330, 0x00000217c12baf10, 0x00000217c12bbe70,
0x00000217c12bf810, 0x00000217c12c3e90, 0x00000217c12c4500, 0x00000217c12d03e0,
0x00000217c137cff0, 0x00000217c14236b0, 0x000002180732efe0, 0x000002180733a410,
0x0000021807355920, 0x00000218073a3830, 0x00000218073a8950, 0x00000218073ae180,
0x00000218073b9270, 0x000002180790c8d0, 0x000002180790ae90, 0x000002180790bbb0,
0x0000021808bc1500, 0x0000021808bbe080, 0x0000021808bc35d0
}

Java Threads: ( => current thread )
  0x00000217b4a10540 JavaThread "main"                              [_thread_blocked, id=21420, stack(0x0000008daa000000,0x0000008daa100000) (1024K)]
  0x00000217c12ba330 JavaThread "Reference Handler"          daemon [_thread_blocked, id=14460, stack(0x0000008daa900000,0x0000008daaa00000) (1024K)]
  0x00000217c12baf10 JavaThread "Finalizer"                  daemon [_thread_blocked, id=19664, stack(0x0000008daaa00000,0x0000008daab00000) (1024K)]
  0x00000217c12bbe70 JavaThread "Signal Dispatcher"          daemon [_thread_blocked, id=10388, stack(0x0000008daab00000,0x0000008daac00000) (1024K)]
  0x00000217c12bf810 JavaThread "Attach Listener"            daemon [_thread_blocked, id=10128, stack(0x0000008daac00000,0x0000008daad00000) (1024K)]
  0x00000217c12c3e90 JavaThread "Service Thread"             daemon [_thread_blocked, id=16212, stack(0x0000008daad00000,0x0000008daae00000) (1024K)]
  0x00000217c12c4500 JavaThread "Monitor Deflation Thread"   daemon [_thread_blocked, id=4716, stack(0x0000008daae00000,0x0000008daaf00000) (1024K)]
  0x00000217c12d03e0 JavaThread "C1 CompilerThread0"         daemon [_thread_blocked, id=9636, stack(0x0000008daaf00000,0x0000008dab000000) (1024K)]
  0x00000217c137cff0 JavaThread "Common-Cleaner"             daemon [_thread_blocked, id=12560, stack(0x0000008dab000000,0x0000008dab100000) (1024K)]
  0x00000217c14236b0 JavaThread "Notification Thread"        daemon [_thread_blocked, id=16812, stack(0x0000008dab100000,0x0000008dab200000) (1024K)]
  0x000002180732efe0 JavaThread "RMI TCP Accept-0"           daemon [_thread_in_native, id=14380, stack(0x0000008dab600000,0x0000008dab700000) (1024K)]
  0x000002180733a410 JavaThread "RMI TCP Accept-65190"       daemon [_thread_in_native, id=12780, stack(0x0000008dab700000,0x0000008dab800000) (1024K)]
  0x0000021807355920 JavaThread "RMI TCP Accept-0"           daemon [_thread_in_native, id=7152, stack(0x0000008dab800000,0x0000008dab900000) (1024K)]
  0x00000218073a3830 JavaThread "RMI TCP Connection(1)-127.0.0.1" daemon [_thread_in_native, id=13020, stack(0x0000008dab900000,0x0000008daba00000) (1024K)]
  0x00000218073a8950 JavaThread "RMI Scheduler(0)"           daemon [_thread_blocked, id=13248, stack(0x0000008daba00000,0x0000008dabb00000) (1024K)]
  0x00000218073ae180 JavaThread "RMI TCP Connection(2)-127.0.0.1" daemon [_thread_blocked, id=21232, stack(0x0000008dabb00000,0x0000008dabc00000) (1024K)]
  0x00000218073b9270 JavaThread "JMX server connection timeout 30" daemon [_thread_blocked, id=15340, stack(0x0000008dabc00000,0x0000008dabd00000) (1024K)]
  0x000002180790c8d0 JavaThread "Thread-0"                          [_thread_blocked, id=21556, stack(0x0000008dabd00000,0x0000008dabe00000) (1024K)]
  0x000002180790ae90 JavaThread "restartedMain"                     [_thread_blocked, id=7780, stack(0x0000008dabe00000,0x0000008dabf00000) (1024K)]
  0x000002180790bbb0 JavaThread "Keep-Alive-Timer"           daemon [_thread_blocked, id=11828, stack(0x0000008dabf00000,0x0000008dac000000) (1024K)]
  0x0000021808bc1500 JavaThread "Catalina-utility-1"                [_thread_blocked, id=9684, stack(0x0000008dac000000,0x0000008dac100000) (1024K)]
  0x0000021808bbe080 JavaThread "Catalina-utility-2"                [_thread_blocked, id=11056, stack(0x0000008dac100000,0x0000008dac200000) (1024K)]
  0x0000021808bc35d0 JavaThread "container-0"                       [_thread_blocked, id=6560, stack(0x0000008dac200000,0x0000008dac300000) (1024K)]
Total: 23

Other Threads:
=>0x00000217c12a2230 VMThread "VM Thread"                           [id=15780, stack(0x0000008daa700000,0x0000008daa800000) (1024K)]
  0x00000217c129c0d0 WatcherThread "VM Periodic Task Thread"        [id=20700, stack(0x0000008daa600000,0x0000008daa700000) (1024K)]
  0x00000217b6e3d820 WorkerThread "GC Thread#0"                     [id=16840, stack(0x0000008daa100000,0x0000008daa200000) (1024K)]
  0x00000218072a2630 WorkerThread "GC Thread#1"                     [id=14492, stack(0x0000008dab300000,0x0000008dab400000) (1024K)]
  0x00000218072c2cf0 WorkerThread "GC Thread#2"                     [id=20612, stack(0x0000008dab400000,0x0000008dab500000) (1024K)]
  0x00000218072c30a0 WorkerThread "GC Thread#3"                     [id=21536, stack(0x0000008dab500000,0x0000008dab600000) (1024K)]
  0x00000217b6e484b0 ConcurrentGCThread "G1 Main Marker"            [id=2224, stack(0x0000008daa200000,0x0000008daa300000) (1024K)]
  0x00000217b6e4a920 WorkerThread "G1 Conc#0"                       [id=11252, stack(0x0000008daa300000,0x0000008daa400000) (1024K)]
  0x00000217b6ea76b0 ConcurrentGCThread "G1 Refine#0"               [id=14136, stack(0x0000008daa400000,0x0000008daa500000) (1024K)]
  0x00000217b6ea9e50 ConcurrentGCThread "G1 Service"                [id=17940, stack(0x0000008daa500000,0x0000008daa600000) (1024K)]
Total: 10

Threads with active compile tasks:
Total: 0

VM state: at safepoint (normal execution)

VM Mutex/Monitor currently owned by a thread:  ([mutex/lock_event])
[0x00007fff9967bd70] Threads_lock - owner thread: 0x00000217c12a2230
[0x00007fff9967be70] Heap_lock - owner thread: 0x000002180790ae90

Heap address: 0x00000000c1800000, size: 1000 MB, Compressed Oops mode: 32-bit

CDS archive(s) mapped at: [0x00000217c2000000-0x00000217c2d70000-0x00000217c2d70000), size 14090240, SharedBaseAddress: 0x00000217c2000000, ArchiveRelocationMode: 1.
Compressed class space mapped at: 0x00000217c3000000-0x0000021803000000, reserved size: 1073741824
Narrow klass base: 0x00000217c2000000, Narrow klass shift: 0, Narrow klass range: 0x41000000

GC Precious Log:
 CardTable entry size: 512
 Card Set container configuration: InlinePtr #cards 5 size 8 Array Of Cards #cards 10 size 36 Howl #buckets 4 coarsen threshold 1843 Howl Bitmap #cards 512 size 80 coarsen threshold 460 Card regions per heap region 1 cards per card region 2048
 CPUs: 4 total, 4 available
 Memory: 3996M
 Large Page Support: Disabled
 NUMA Support: Disabled
 Compressed Oops: Enabled (32-bit)
 Heap Region Size: 1M
 Heap Min Capacity: 8M
 Heap Initial Capacity: 64M
 Heap Max Capacity: 1000M
 Pre-touch: Disabled
 Parallel Workers: 4
 Concurrent Workers: 1
 Concurrent Refinement Workers: 4
 Periodic GC: Disabled

Heap:
 garbage-first heap   total reserved 1024000K, committed 56320K, used 30642K [0x00000000c1800000, 0x0000000100000000)
  region size 1024K, 3 young (3072K), 3 survivors (3072K)
 Metaspace       used 37795K, committed 38400K, reserved 1114112K
  class space    used 5317K, committed 5568K, reserved 1048576K

Heap Regions: E=young(eden), S=young(survivor), O=old, HS=humongous(starts), HC=humongous(continues), CS=collection set, F=free, TAMS=top-at-mark-start, PB=parsable bottom
|   0|0x00000000c1800000, 0x00000000c1900000, 0x00000000c1900000|100%|HS|  |TAMS 0x00000000c1800000| PB 0x00000000c1800000| Complete |  0
|   1|0x00000000c1900000, 0x00000000c1a00000, 0x00000000c1a00000|100%| O|  |TAMS 0x00000000c1900000| PB 0x00000000c1900000| Untracked |  0
|   2|0x00000000c1a00000, 0x00000000c1b00000, 0x00000000c1b00000|100%| O|  |TAMS 0x00000000c1a00000| PB 0x00000000c1a00000| Untracked |  0
|   3|0x00000000c1b00000, 0x00000000c1c00000, 0x00000000c1c00000|100%| O|  |TAMS 0x00000000c1b00000| PB 0x00000000c1b00000| Untracked |  0
|   4|0x00000000c1c00000, 0x00000000c1d00000, 0x00000000c1d00000|100%| O|  |TAMS 0x00000000c1c00000| PB 0x00000000c1c00000| Untracked |  0
|   5|0x00000000c1d00000, 0x00000000c1e00000, 0x00000000c1e00000|100%| O|  |TAMS 0x00000000c1d00000| PB 0x00000000c1d00000| Untracked |  0
|   6|0x00000000c1e00000, 0x00000000c1f00000, 0x00000000c1f00000|100%| O|  |TAMS 0x00000000c1e00000| PB 0x00000000c1e00000| Untracked |  0
|   7|0x00000000c1f00000, 0x00000000c2000000, 0x00000000c2000000|100%| O|  |TAMS 0x00000000c1f00000| PB 0x00000000c1f00000| Untracked |  0
|   8|0x00000000c2000000, 0x00000000c2100000, 0x00000000c2100000|100%| O|  |TAMS 0x00000000c2000000| PB 0x00000000c2000000| Untracked |  0
|   9|0x00000000c2100000, 0x00000000c2200000, 0x00000000c2200000|100%| O|  |TAMS 0x00000000c2100000| PB 0x00000000c2100000| Untracked |  0
|  10|0x00000000c2200000, 0x00000000c2300000, 0x00000000c2300000|100%| O|  |TAMS 0x00000000c2200000| PB 0x00000000c2200000| Untracked |  0
|  11|0x00000000c2300000, 0x00000000c2400000, 0x00000000c2400000|100%| O|  |TAMS 0x00000000c2300000| PB 0x00000000c2300000| Untracked |  0
|  12|0x00000000c2400000, 0x00000000c2500000, 0x00000000c2500000|100%| O|  |TAMS 0x00000000c2400000| PB 0x00000000c2400000| Untracked |  0
|  13|0x00000000c2500000, 0x00000000c2600000, 0x00000000c2600000|100%| O|  |TAMS 0x00000000c2500000| PB 0x00000000c2500000| Untracked |  0
|  14|0x00000000c2600000, 0x00000000c2600000, 0x00000000c2700000|  0%| F|  |TAMS 0x00000000c2600000| PB 0x00000000c2600000| Untracked |  0
|  15|0x00000000c2700000, 0x00000000c2800000, 0x00000000c2800000|100%| O|  |TAMS 0x00000000c2700000| PB 0x00000000c2700000| Untracked |  0
|  16|0x00000000c2800000, 0x00000000c2900000, 0x00000000c2900000|100%| O|  |TAMS 0x00000000c2800000| PB 0x00000000c2800000| Untracked |  0
|  17|0x00000000c2900000, 0x00000000c2a00000, 0x00000000c2a00000|100%| O|  |TAMS 0x00000000c2900000| PB 0x00000000c2900000| Untracked |  0
|  18|0x00000000c2a00000, 0x00000000c2b00000, 0x00000000c2b00000|100%| O|  |TAMS 0x00000000c2a00000| PB 0x00000000c2a00000| Untracked |  0
|  19|0x00000000c2b00000, 0x00000000c2c00000, 0x00000000c2c00000|100%| O|  |TAMS 0x00000000c2b00000| PB 0x00000000c2b00000| Untracked |  0
|  20|0x00000000c2c00000, 0x00000000c2d00000, 0x00000000c2d00000|100%| O|  |TAMS 0x00000000c2c00000| PB 0x00000000c2c00000| Untracked |  0
|  21|0x00000000c2d00000, 0x00000000c2e00000, 0x00000000c2e00000|100%| O|  |TAMS 0x00000000c2d00000| PB 0x00000000c2d00000| Untracked |  0
|  22|0x00000000c2e00000, 0x00000000c2e00000, 0x00000000c2f00000|  0%| F|  |TAMS 0x00000000c2e00000| PB 0x00000000c2e00000| Untracked |  0
|  23|0x00000000c2f00000, 0x00000000c2f00000, 0x00000000c3000000|  0%| F|  |TAMS 0x00000000c2f00000| PB 0x00000000c2f00000| Untracked |  0
|  24|0x00000000c3000000, 0x00000000c3100000, 0x00000000c3100000|100%| O|  |TAMS 0x00000000c3000000| PB 0x00000000c3000000| Untracked |  0
|  25|0x00000000c3100000, 0x00000000c3200000, 0x00000000c3200000|100%| O|  |TAMS 0x00000000c3100000| PB 0x00000000c3100000| Untracked |  0
|  26|0x00000000c3200000, 0x00000000c3300000, 0x00000000c3300000|100%| O|  |TAMS 0x00000000c3200000| PB 0x00000000c3200000| Untracked |  0
|  27|0x00000000c3300000, 0x00000000c3400000, 0x00000000c3400000|100%| O|  |TAMS 0x00000000c3300000| PB 0x00000000c3300000| Untracked |  0
|  28|0x00000000c3400000, 0x00000000c3400000, 0x00000000c3500000|  0%| F|  |TAMS 0x00000000c3400000| PB 0x00000000c3400000| Untracked |  0
|  29|0x00000000c3500000, 0x00000000c3500000, 0x00000000c3600000|  0%| F|  |TAMS 0x00000000c3500000| PB 0x00000000c3500000| Untracked |  0
|  30|0x00000000c3600000, 0x00000000c3700000, 0x00000000c3700000|100%| S|CS|TAMS 0x00000000c3600000| PB 0x00000000c3600000| Complete |  0
|  31|0x00000000c3700000, 0x00000000c3800000, 0x00000000c3800000|100%| O|  |TAMS 0x00000000c3700000| PB 0x00000000c3700000| Untracked |  0
|  32|0x00000000c3800000, 0x00000000c38ec8a8, 0x00000000c3900000| 92%| O|  |TAMS 0x00000000c3800000| PB 0x00000000c3800000| Untracked |  0
|  33|0x00000000c3900000, 0x00000000c3a00000, 0x00000000c3a00000|100%| S|CS|TAMS 0x00000000c3900000| PB 0x00000000c3900000| Complete |  0
|  34|0x00000000c3a00000, 0x00000000c3a00000, 0x00000000c3b00000|  0%| F|  |TAMS 0x00000000c3a00000| PB 0x00000000c3a00000| Untracked |  0
|  35|0x00000000c3b00000, 0x00000000c3b00000, 0x00000000c3c00000|  0%| F|  |TAMS 0x00000000c3b00000| PB 0x00000000c3b00000| Untracked |  0
|  36|0x00000000c3c00000, 0x00000000c3d00000, 0x00000000c3d00000|100%| S|CS|TAMS 0x00000000c3c00000| PB 0x00000000c3c00000| Complete |  0
|  37|0x00000000c3d00000, 0x00000000c3d00000, 0x00000000c3e00000|  0%| F|  |TAMS 0x00000000c3d00000| PB 0x00000000c3d00000| Untracked |  0
|  38|0x00000000c3e00000, 0x00000000c3e00000, 0x00000000c3f00000|  0%| F|  |TAMS 0x00000000c3e00000| PB 0x00000000c3e00000| Untracked |  0
|  39|0x00000000c3f00000, 0x00000000c3f00000, 0x00000000c4000000|  0%| F|  |TAMS 0x00000000c3f00000| PB 0x00000000c3f00000| Untracked |  0
|  40|0x00000000c4000000, 0x00000000c4000000, 0x00000000c4100000|  0%| F|  |TAMS 0x00000000c4000000| PB 0x00000000c4000000| Untracked |  0
|  41|0x00000000c4100000, 0x00000000c4100000, 0x00000000c4200000|  0%| F|  |TAMS 0x00000000c4100000| PB 0x00000000c4100000| Untracked |  0
|  42|0x00000000c4200000, 0x00000000c4200000, 0x00000000c4300000|  0%| F|  |TAMS 0x00000000c4200000| PB 0x00000000c4200000| Untracked |  0
|  43|0x00000000c4300000, 0x00000000c4300000, 0x00000000c4400000|  0%| F|  |TAMS 0x00000000c4300000| PB 0x00000000c4300000| Untracked |  0
|  44|0x00000000c4400000, 0x00000000c4400000, 0x00000000c4500000|  0%| F|  |TAMS 0x00000000c4400000| PB 0x00000000c4400000| Untracked |  0
|  45|0x00000000c4500000, 0x00000000c4500000, 0x00000000c4600000|  0%| F|  |TAMS 0x00000000c4500000| PB 0x00000000c4500000| Untracked |  0
|  46|0x00000000c4600000, 0x00000000c4600000, 0x00000000c4700000|  0%| F|  |TAMS 0x00000000c4600000| PB 0x00000000c4600000| Untracked |  0
|  47|0x00000000c4700000, 0x00000000c4700000, 0x00000000c4800000|  0%| F|  |TAMS 0x00000000c4700000| PB 0x00000000c4700000| Untracked |  0
|  48|0x00000000c4800000, 0x00000000c4800000, 0x00000000c4900000|  0%| F|  |TAMS 0x00000000c4800000| PB 0x00000000c4800000| Untracked |  0
|  49|0x00000000c4900000, 0x00000000c4900000, 0x00000000c4a00000|  0%| F|  |TAMS 0x00000000c4900000| PB 0x00000000c4900000| Untracked |  0
|  50|0x00000000c4a00000, 0x00000000c4a00000, 0x00000000c4b00000|  0%| F|  |TAMS 0x00000000c4a00000| PB 0x00000000c4a00000| Untracked |  0
|  51|0x00000000c4b00000, 0x00000000c4b00000, 0x00000000c4c00000|  0%| F|  |TAMS 0x00000000c4b00000| PB 0x00000000c4b00000| Untracked |  0
|  52|0x00000000c4c00000, 0x00000000c4c00000, 0x00000000c4d00000|  0%| F|  |TAMS 0x00000000c4c00000| PB 0x00000000c4c00000| Untracked |  0
|  53|0x00000000c4d00000, 0x00000000c4d00000, 0x00000000c4e00000|  0%| F|  |TAMS 0x00000000c4d00000| PB 0x00000000c4d00000| Untracked |  0
|  63|0x00000000c5700000, 0x00000000c5700000, 0x00000000c5800000|  0%| F|  |TAMS 0x00000000c5700000| PB 0x00000000c5700000| Untracked |  0

Card table byte_map: [0x00000217bdca0000,0x00000217bdea0000] _byte_map_base: 0x00000217bd694000

Marking Bits: (CMBitMap*) 0x00000217b6e3df30
 Bits: [0x00000217bdea0000, 0x00000217bee40000)

Polling page: 0x00000217b4c30000

Metaspace:

Usage:
  Non-class:     31.72 MB used.
      Class:      5.19 MB used.
       Both:     36.91 MB used.

Virtual space:
  Non-class space:       64.00 MB reserved,      32.06 MB ( 50%) committed,  1 nodes.
      Class space:        1.00 GB reserved,       5.44 MB ( <1%) committed,  1 nodes.
             Both:        1.06 GB reserved,      37.50 MB (  3%) committed. 

Chunk freelists:
   Non-Class:  15.25 MB
       Class:  10.42 MB
        Both:  25.67 MB

MaxMetaspaceSize: unlimited
CompressedClassSpaceSize: 1.00 GB
Initial GC threshold: 21.00 MB
Current GC threshold: 57.50 MB
CDS: on
 - commit_granule_bytes: 65536.
 - commit_granule_words: 8192.
 - virtual_space_node_default_size: 8388608.
 - enlarge_chunks_in_place: 1.
 - use_allocation_guard: 0.


Internal statistics:

num_allocs_failed_limit: 3.
num_arena_births: 740.
num_arena_deaths: 0.
num_vsnodes_births: 2.
num_vsnodes_deaths: 0.
num_space_committed: 600.
num_space_uncommitted: 0.
num_chunks_returned_to_freelist: 3.
num_chunks_taken_from_freelist: 1957.
num_chunk_merges: 3.
num_chunk_splits: 1352.
num_chunks_enlarged: 994.
num_inconsistent_stats: 0.

CodeCache: size=49152Kb used=7151Kb max_used=7151Kb free=42000Kb
 bounds [0x00000217baca0000, 0x00000217bb3a0000, 0x00000217bdca0000]
 total_blobs=5450, nmethods=4846, adapters=529, full_count=0
Compilation: enabled, stopped_count=0, restarted_count=0

Compilation events (20 events):
Event: 17.513 Thread 0x00000217c12d03e0 4889       1       org.springframework.core.annotation.AnnotationsScanner::getBaseTypeMethods (123 bytes)
Event: 17.513 Thread 0x00000217c12d03e0 nmethod 4889 0x00000217bb399508 code [0x00000217bb3996a0, 0x00000217bb399a78]
Event: 17.513 Thread 0x00000217c12d03e0 4891       1       org.springframework.util.ReflectionUtils::findMethod (109 bytes)
Event: 17.514 Thread 0x00000217c12d03e0 nmethod 4891 0x00000217bb399b08 code [0x00000217bb399cc0, 0x00000217bb39a198]
Event: 17.514 Thread 0x00000217c12d03e0 4890       1       java.util.AbstractList$RandomAccessSpliterator::getFence (46 bytes)
Event: 17.514 Thread 0x00000217c12d03e0 nmethod 4890 0x00000217bb39a208 code [0x00000217bb39a320, 0x00000217bb39a448]
Event: 17.514 Thread 0x00000217c12d03e0 4888       1       java.util.Spliterators$EmptySpliterator::estimateSize (2 bytes)
Event: 17.514 Thread 0x00000217c12d03e0 nmethod 4888 0x00000217bb39a508 code [0x00000217bb39a620, 0x00000217bb39a6e8]
Event: 17.514 Thread 0x00000217c12d03e0 4882       1       org.springframework.util.ReflectionUtils::lambda$static$0 (29 bytes)
Event: 17.515 Thread 0x00000217c12d03e0 nmethod 4882 0x00000217bb39a808 code [0x00000217bb39a920, 0x00000217bb39aa38]
Event: 17.515 Thread 0x00000217c12d03e0 4886       1       org.springframework.core.annotation.TypeMappedAnnotations$AggregatesSpliterator::characteristics (4 bytes)
Event: 17.515 Thread 0x00000217c12d03e0 nmethod 4886 0x00000217bb39ab08 code [0x00000217bb39ac20, 0x00000217bb39ace8]
Event: 17.515 Thread 0x00000217c12d03e0 4892       1       java.util.stream.ReferencePipeline::distinct (5 bytes)
Event: 17.515 Thread 0x00000217c12d03e0 nmethod 4892 0x00000217bb39ae08 code [0x00000217bb39af20, 0x00000217bb39b090]
Event: 17.521 Thread 0x00000217c12d03e0 4894       1       org.springframework.expression.spel.support.ReflectivePropertyAccessor::isCandidateForProperty (2 bytes)
Event: 17.521 Thread 0x00000217c12d03e0 nmethod 4894 0x00000217bb39b408 code [0x00000217bb39b520, 0x00000217bb39b5e8]
Event: 17.521 Thread 0x00000217c12d03e0 4895       1       org.springframework.expression.spel.support.ReflectivePropertyAccessor::isKotlinProperty (32 bytes)
Event: 17.522 Thread 0x00000217c12d03e0 nmethod 4895 0x00000217bb39b708 code [0x00000217bb39b820, 0x00000217bb39b8d0]
Event: 17.522 Thread 0x00000217c12d03e0 4896       1       java.lang.String::<init> (37 bytes)
Event: 17.522 Thread 0x00000217c12d03e0 nmethod 4896 0x00000217bb39ba08 code [0x00000217bb39bb20, 0x00000217bb39bc58]

GC Heap History (20 events):
Event: 4.366 GC heap after
{Heap after GC invocations=2 (full 0):
 garbage-first heap   total reserved 1024000K, committed 65536K, used 10120K [0x00000000c1800000, 0x0000000100000000)
  region size 1024K, 2 young (2048K), 2 survivors (2048K)
 Metaspace       used 7305K, committed 7616K, reserved 1114112K
  class space    used 948K, committed 1088K, reserved 1048576K
}
Event: 5.408 GC heap before
{Heap before GC invocations=2 (full 0):
 garbage-first heap   total reserved 1024000K, committed 65536K, used 38792K [0x00000000c1800000, 0x0000000100000000)
  region size 1024K, 27 young (27648K), 2 survivors (2048K)
 Metaspace       used 10221K, committed 10496K, reserved 1114112K
  class space    used 1323K, committed 1472K, reserved 1048576K
}
Event: 5.418 GC heap after
{Heap after GC invocations=3 (full 0):
 garbage-first heap   total reserved 1024000K, committed 65536K, used 12099K [0x00000000c1800000, 0x0000000100000000)
  region size 1024K, 4 young (4096K), 4 survivors (4096K)
 Metaspace       used 10221K, committed 10496K, reserved 1114112K
  class space    used 1323K, committed 1472K, reserved 1048576K
}
Event: 7.597 GC heap before
{Heap before GC invocations=3 (full 0):
 garbage-first heap   total reserved 1024000K, committed 65536K, used 36675K [0x00000000c1800000, 0x0000000100000000)
  region size 1024K, 29 young (29696K), 4 survivors (4096K)
 Metaspace       used 16914K, committed 17280K, reserved 1114112K
  class space    used 2192K, committed 2368K, reserved 1048576K
}
Event: 7.608 GC heap after
{Heap after GC invocations=4 (full 0):
 garbage-first heap   total reserved 1024000K, committed 65536K, used 14638K [0x00000000c1800000, 0x0000000100000000)
  region size 1024K, 3 young (3072K), 3 survivors (3072K)
 Metaspace       used 16914K, committed 17280K, reserved 1114112K
  class space    used 2192K, committed 2368K, reserved 1048576K
}
Event: 11.884 GC heap before
{Heap before GC invocations=4 (full 0):
 garbage-first heap   total reserved 1024000K, committed 65536K, used 33070K [0x00000000c1800000, 0x0000000100000000)
  region size 1024K, 23 young (23552K), 3 survivors (3072K)
 Metaspace       used 21080K, committed 21504K, reserved 1114112K
  class space    used 2777K, committed 2944K, reserved 1048576K
}
Event: 11.892 GC heap after
{Heap after GC invocations=5 (full 0):
 garbage-first heap   total reserved 1024000K, committed 65536K, used 15498K [0x00000000c1800000, 0x0000000100000000)
  region size 1024K, 1 young (1024K), 1 survivors (1024K)
 Metaspace       used 21080K, committed 21504K, reserved 1114112K
  class space    used 2777K, committed 2944K, reserved 1048576K
}
Event: 13.517 GC heap before
{Heap before GC invocations=6 (full 0):
 garbage-first heap   total reserved 1024000K, committed 55296K, used 45194K [0x00000000c1800000, 0x0000000100000000)
  region size 1024K, 31 young (31744K), 1 survivors (1024K)
 Metaspace       used 26650K, committed 27072K, reserved 1114112K
  class space    used 3731K, committed 3904K, reserved 1048576K
}
Event: 13.523 GC heap after
{Heap after GC invocations=7 (full 0):
 garbage-first heap   total reserved 1024000K, committed 55296K, used 17447K [0x00000000c1800000, 0x0000000100000000)
  region size 1024K, 3 young (3072K), 3 survivors (3072K)
 Metaspace       used 26650K, committed 27072K, reserved 1114112K
  class space    used 3731K, committed 3904K, reserved 1048576K
}
Event: 14.329 GC heap before
{Heap before GC invocations=7 (full 0):
 garbage-first heap   total reserved 1024000K, committed 55296K, used 40999K [0x00000000c1800000, 0x0000000100000000)
  region size 1024K, 27 young (27648K), 3 survivors (3072K)
 Metaspace       used 28579K, committed 28992K, reserved 1114112K
  class space    used 3984K, committed 4160K, reserved 1048576K
}
Event: 14.338 GC heap after
{Heap after GC invocations=8 (full 0):
 garbage-first heap   total reserved 1024000K, committed 55296K, used 19707K [0x00000000c1800000, 0x0000000100000000)
  region size 1024K, 4 young (4096K), 4 survivors (4096K)
 Metaspace       used 28579K, committed 28992K, reserved 1114112K
  class space    used 3984K, committed 4160K, reserved 1048576K
}
Event: 15.238 GC heap before
{Heap before GC invocations=8 (full 0):
 garbage-first heap   total reserved 1024000K, committed 55296K, used 43259K [0x00000000c1800000, 0x0000000100000000)
  region size 1024K, 27 young (27648K), 4 survivors (4096K)
 Metaspace       used 31039K, committed 31424K, reserved 1114112K
  class space    used 4311K, committed 4480K, reserved 1048576K
}
Event: 15.247 GC heap after
{Heap after GC invocations=9 (full 0):
 garbage-first heap   total reserved 1024000K, committed 55296K, used 22013K [0x00000000c1800000, 0x0000000100000000)
  region size 1024K, 2 young (2048K), 2 survivors (2048K)
 Metaspace       used 31039K, committed 31424K, reserved 1114112K
  class space    used 4311K, committed 4480K, reserved 1048576K
}
Event: 16.237 GC heap before
{Heap before GC invocations=9 (full 0):
 garbage-first heap   total reserved 1024000K, committed 55296K, used 44541K [0x00000000c1800000, 0x0000000100000000)
  region size 1024K, 24 young (24576K), 2 survivors (2048K)
 Metaspace       used 34133K, committed 34688K, reserved 1114112K
  class space    used 4809K, committed 5056K, reserved 1048576K
}
Event: 16.246 GC heap after
{Heap after GC invocations=10 (full 0):
 garbage-first heap   total reserved 1024000K, committed 55296K, used 24225K [0x00000000c1800000, 0x0000000100000000)
  region size 1024K, 3 young (3072K), 3 survivors (3072K)
 Metaspace       used 34133K, committed 34688K, reserved 1114112K
  class space    used 4809K, committed 5056K, reserved 1048576K
}
Event: 16.398 GC heap before
{Heap before GC invocations=10 (full 0):
 garbage-first heap   total reserved 1024000K, committed 55296K, used 37537K [0x00000000c1800000, 0x0000000100000000)
  region size 1024K, 15 young (15360K), 3 survivors (3072K)
 Metaspace       used 34818K, committed 35328K, reserved 1114112K
  class space    used 4878K, committed 5120K, reserved 1048576K
}
Event: 16.407 GC heap after
{Heap after GC invocations=11 (full 0):
 garbage-first heap   total reserved 1024000K, committed 55296K, used 29018K [0x00000000c1800000, 0x0000000100000000)
  region size 1024K, 3 young (3072K), 3 survivors (3072K)
 Metaspace       used 34818K, committed 35328K, reserved 1114112K
  class space    used 4878K, committed 5120K, reserved 1048576K
}
Event: 16.818 GC heap before
{Heap before GC invocations=12 (full 0):
 garbage-first heap   total reserved 1024000K, committed 56320K, used 49498K [0x00000000c1800000, 0x0000000100000000)
  region size 1024K, 19 young (19456K), 3 survivors (3072K)
 Metaspace       used 35128K, committed 35584K, reserved 1114112K
  class space    used 4919K, committed 5120K, reserved 1048576K
}
Event: 16.824 GC heap after
{Heap after GC invocations=13 (full 0):
 garbage-first heap   total reserved 1024000K, committed 56320K, used 28692K [0x00000000c1800000, 0x0000000100000000)
  region size 1024K, 2 young (2048K), 2 survivors (2048K)
 Metaspace       used 35128K, committed 35584K, reserved 1114112K
  class space    used 4919K, committed 5120K, reserved 1048576K
}
Event: 17.522 GC heap before
{Heap before GC invocations=13 (full 0):
 garbage-first heap   total reserved 1024000K, committed 56320K, used 46100K [0x00000000c1800000, 0x0000000100000000)
  region size 1024K, 20 young (20480K), 2 survivors (2048K)
 Metaspace       used 37795K, committed 38400K, reserved 1114112K
  class space    used 5317K, committed 5568K, reserved 1048576K
}

Dll operation events (10 events):
Event: 0.260 Loaded shared library C:\Users\DELL\.p2\pool\plugins\org.eclipse.justj.openjdk.hotspot.jre.full.win32.x86_64_23.0.1.v20241024-1700\jre\bin\java.dll
Event: 0.848 Loaded shared library C:\Users\DELL\.p2\pool\plugins\org.eclipse.justj.openjdk.hotspot.jre.full.win32.x86_64_23.0.1.v20241024-1700\jre\bin\zip.dll
Event: 0.936 Loaded shared library C:\Users\DELL\.p2\pool\plugins\org.eclipse.justj.openjdk.hotspot.jre.full.win32.x86_64_23.0.1.v20241024-1700\jre\bin\jimage.dll
Event: 2.278 Loaded shared library C:\Users\DELL\.p2\pool\plugins\org.eclipse.justj.openjdk.hotspot.jre.full.win32.x86_64_23.0.1.v20241024-1700\jre\bin\net.dll
Event: 2.304 Loaded shared library C:\Users\DELL\.p2\pool\plugins\org.eclipse.justj.openjdk.hotspot.jre.full.win32.x86_64_23.0.1.v20241024-1700\jre\bin\nio.dll
Event: 2.311 Loaded shared library C:\Users\DELL\.p2\pool\plugins\org.eclipse.justj.openjdk.hotspot.jre.full.win32.x86_64_23.0.1.v20241024-1700\jre\bin\zip.dll
Event: 2.585 Loaded shared library C:\Users\DELL\.p2\pool\plugins\org.eclipse.justj.openjdk.hotspot.jre.full.win32.x86_64_23.0.1.v20241024-1700\jre\bin\management.dll
Event: 2.629 Loaded shared library C:\Users\DELL\.p2\pool\plugins\org.eclipse.justj.openjdk.hotspot.jre.full.win32.x86_64_23.0.1.v20241024-1700\jre\bin\management_ext.dll
Event: 3.818 Loaded shared library C:\Users\DELL\.p2\pool\plugins\org.eclipse.justj.openjdk.hotspot.jre.full.win32.x86_64_23.0.1.v20241024-1700\jre\bin\extnet.dll
Event: 13.717 Loaded shared library C:\Users\DELL\.p2\pool\plugins\org.eclipse.justj.openjdk.hotspot.jre.full.win32.x86_64_23.0.1.v20241024-1700\jre\bin\sunmscapi.dll

Deoptimization events (2 events):
Event: 8.471 Thread 0x000002180790ae90 DEOPT PACKING pc=0x00000217bb0e9f34 sp=0x0000008dabefdc90
Event: 8.471 Thread 0x000002180790ae90 DEOPT UNPACKING pc=0x00000217bacf4b22 sp=0x0000008dabefd158 mode 0

Classes loaded (20 events):
Event: 17.159 Loading class java/io/StringWriter
Event: 17.159 Loading class java/io/StringWriter done
Event: 17.209 Loading class java/lang/Character$UnicodeBlock
Event: 17.211 Loading class java/lang/Character$Subset
Event: 17.211 Loading class java/lang/Character$Subset done
Event: 17.213 Loading class java/lang/Character$UnicodeBlock done
Event: 17.245 Loading class java/util/Collections$SynchronizedRandomAccessList
Event: 17.245 Loading class java/util/Collections$SynchronizedList
Event: 17.246 Loading class java/util/Collections$SynchronizedList done
Event: 17.246 Loading class java/util/Collections$SynchronizedRandomAccessList done
Event: 17.443 Loading class java/util/ArrayList$ListItr
Event: 17.443 Loading class java/util/ArrayList$ListItr done
Event: 17.477 Loading class java/util/Comparators$NullComparator
Event: 17.477 Loading class java/util/Comparators$NullComparator done
Event: 17.492 Loading class java/util/AbstractList$SubList
Event: 17.492 Loading class java/util/AbstractList$SubList done
Event: 17.492 Loading class java/util/AbstractList$SubList$1
Event: 17.493 Loading class java/util/AbstractList$SubList$1 done
Event: 17.509 Loading class java/util/LinkedList$LLSpliterator
Event: 17.510 Loading class java/util/LinkedList$LLSpliterator done

Classes unloaded (0 events):
No events

Classes redefined (0 events):
No events

Internal exceptions (20 events):
Event: 15.528 Thread 0x000002180790ae90 Exception <a 'java/lang/NoClassDefFoundError'{0x00000000c45a9368}: liquibase/integration/spring/SpringLiquibase> (0x00000000c45a9368) 
thrown [s\src\hotspot\share\classfile\systemDictionary.cpp, line 302]
Event: 15.603 Thread 0x000002180790ae90 Exception <a 'java/lang/IncompatibleClassChangeError'{0x00000000c43924f8}: Found class java.lang.Object, but interface was expected> (0x00000000c43924f8) 
thrown [s\src\hotspot\share\interpreter\linkResolver.cpp, line 863]
Event: 15.689 Thread 0x000002180790ae90 Exception <a 'java/lang/NoSuchMethodError'{0x00000000c42dd788}: 'java.lang.Object java.lang.invoke.DirectMethodHandle$Holder.invokeVirtual(java.lang.Object, java.lang.Object, java.lang.Object, java.lang.Object, java.lang.Object)'> (0x00000000c42dd788) 
thrown [s\src\hotspot\share\interpreter\linkResolver.cpp, line 796]
Event: 15.939 Thread 0x000002180790ae90 Exception <a 'java/lang/NoSuchMethodError'{0x00000000c3e669d8}: 'java.lang.Object java.lang.invoke.DirectMethodHandle$Holder.invokeVirtual(java.lang.Object, java.lang.Object, java.lang.Object, java.lang.Object, java.lang.Object, java.lang.Object)'> (0x00000000c3e669d8) 
thrown [s\src\hotspot\share\interpreter\linkResolver.cpp, line 796]
Event: 16.038 Thread 0x000002180790ae90 Exception <a 'java/lang/NoSuchMethodError'{0x00000000c3da3aa8}: 'void java.lang.invoke.DirectMethodHandle$Holder.invokeInterface(java.lang.Object, java.lang.Object, int)'> (0x00000000c3da3aa8) 
thrown [s\src\hotspot\share\interpreter\linkResolver.cpp, line 796]
Event: 16.045 Thread 0x000002180790ae90 Exception <a 'java/lang/IncompatibleClassChangeError'{0x00000000c3de7168}: Found class java.lang.Object, but interface was expected> (0x00000000c3de7168) 
thrown [s\src\hotspot\share\interpreter\linkResolver.cpp, line 863]
Event: 16.061 Thread 0x000002180790ae90 Exception <a 'java/lang/NoSuchMethodError'{0x00000000c3c31718}: 'int java.lang.invoke.DirectMethodHandle$Holder.invokeSpecial(java.lang.Object, java.lang.Object, int)'> (0x00000000c3c31718) 
thrown [s\src\hotspot\share\interpreter\linkResolver.cpp, line 796]
Event: 16.066 Thread 0x000002180790ae90 Exception <a 'java/lang/NoSuchMethodError'{0x00000000c3c403f0}: 'void java.lang.invoke.DirectMethodHandle$Holder.invokeStatic(java.lang.Object, java.lang.Object, java.lang.Object, int, java.lang.Object)'> (0x00000000c3c403f0) 
thrown [s\src\hotspot\share\interpreter\linkResolver.cpp, line 796]
Event: 16.069 Thread 0x000002180790ae90 Exception <a 'java/lang/NoSuchMethodError'{0x00000000c3c46dd0}: 'java.lang.Object java.lang.invoke.DirectMethodHandle$Holder.newInvokeSpecial(java.lang.Object, java.lang.Object, java.lang.Object, int)'> (0x00000000c3c46dd0) 
thrown [s\src\hotspot\share\interpreter\linkResolver.cpp, line 796]
Event: 16.070 Thread 0x000002180790ae90 Exception <a 'java/lang/NoSuchMethodError'{0x00000000c3c4ad28}: 'java.lang.Object java.lang.invoke.DirectMethodHandle$Holder.invokeSpecial(java.lang.Object, java.lang.Object, java.lang.Object, java.lang.Object, int)'> (0x00000000c3c4ad28) 
thrown [s\src\hotspot\share\interpreter\linkResolver.cpp, line 796]
Event: 16.070 Thread 0x000002180790ae90 Exception <a 'java/lang/NoSuchMethodError'{0x00000000c3c4e1d8}: 'java.lang.Object java.lang.invoke.Invokers$Holder.linkToTargetMethod(java.lang.Object, java.lang.Object, int, java.lang.Object)'> (0x00000000c3c4e1d8) 
thrown [s\src\hotspot\share\interpreter\linkResolver.cpp, line 796]
Event: 16.620 Thread 0x000002180790ae90 Exception <a 'java/lang/NoSuchMethodError'{0x00000000c4278f20}: 'int java.lang.invoke.DirectMethodHandle$Holder.invokeVirtual(java.lang.Object, java.lang.Object, java.lang.Object, java.lang.Object)'> (0x00000000c4278f20) 
thrown [s\src\hotspot\share\interpreter\linkResolver.cpp, line 796]
Event: 16.621 Thread 0x000002180790ae90 Exception <a 'java/lang/NoSuchMethodError'{0x00000000c427c7f8}: 'int java.lang.invoke.DelegatingMethodHandle$Holder.reinvoke_L(java.lang.Object, java.lang.Object, java.lang.Object, java.lang.Object)'> (0x00000000c427c7f8) 
thrown [s\src\hotspot\share\interpreter\linkResolver.cpp, line 796]
Event: 16.727 Thread 0x000002180790ae90 Exception <a 'java/io/FileNotFoundException'{0x00000000c3e9de48}> (0x00000000c3e9de48) 
thrown [s\src\hotspot\share\prims\jni.cpp, line 520]
Event: 16.918 Thread 0x000002180790ae90 Exception <a 'java/lang/NoSuchMethodError'{0x00000000c57f1c08}: 'int java.lang.invoke.DirectMethodHandle$Holder.invokeInterface(java.lang.Object, java.lang.Object, java.lang.Object, java.lang.Object)'> (0x00000000c57f1c08) 
thrown [s\src\hotspot\share\interpreter\linkResolver.cpp, line 796]
Event: 17.025 Thread 0x000002180790ae90 Exception <a 'java/lang/NoSuchMethodError'{0x00000000c4ccb7a0}: 'long java.lang.invoke.DirectMethodHandle$Holder.invokeVirtual(java.lang.Object, java.lang.Object)'> (0x00000000c4ccb7a0) 
thrown [s\src\hotspot\share\interpreter\linkResolver.cpp, line 796]
Event: 17.034 Thread 0x000002180790ae90 Exception <a 'java/io/FileNotFoundException'{0x00000000c4cf74d0}> (0x00000000c4cf74d0) 
thrown [s\src\hotspot\share\prims\jni.cpp, line 520]
Event: 17.076 Thread 0x000002180790ae90 Exception <a 'java/lang/NoSuchMethodError'{0x00000000c4a06620}: 'void java.lang.invoke.DirectMethodHandle$Holder.invokeVirtual(java.lang.Object, java.lang.Object, long)'> (0x00000000c4a06620) 
thrown [s\src\hotspot\share\interpreter\linkResolver.cpp, line 796]
Event: 17.129 Thread 0x000002180790ae90 Exception <a 'java/lang/NoSuchMethodError'{0x00000000c4973fe8}: 'java.lang.Object java.lang.invoke.DirectMethodHandle$Holder.invokeInterface(java.lang.Object, java.lang.Object, java.lang.Object, java.lang.Object)'> (0x00000000c4973fe8) 
thrown [s\src\hotspot\share\interpreter\linkResolver.cpp, line 796]
Event: 17.183 Thread 0x000002180790ae90 Exception <a 'java/lang/NoSuchMethodError'{0x00000000c4717ea8}: 'java.lang.Object java.lang.invoke.DirectMethodHandle$Holder.newInvokeSpecial(java.lang.Object, java.lang.Object, java.lang.Object, java.lang.Object, java.lang.Object, java.lang.Object, java.lang.Object, java.lang.Object)'> (0x00000000c4717ea8) 
thrown [s\src\hotspot\share\interpreter\linkResolver.cpp, line 796]

VM Operations (20 events):
Event: 15.580 Executing VM operation: HandshakeAllThreads (Deoptimize) done
Event: 16.237 Executing VM operation: G1CollectForAllocation (G1 Evacuation Pause)
Event: 16.246 Executing VM operation: G1CollectForAllocation (G1 Evacuation Pause) done
Event: 16.398 Executing VM operation: G1TryInitiateConcMark (G1 Humongous Allocation)
Event: 16.407 Executing VM operation: G1TryInitiateConcMark (G1 Humongous Allocation) done
Event: 16.474 Executing VM operation: G1PauseRemark
Event: 16.479 Executing VM operation: G1PauseRemark done
Event: 16.506 Executing VM operation: G1PauseCleanup
Event: 16.506 Executing VM operation: G1PauseCleanup done
Event: 16.818 Executing VM operation: G1CollectForAllocation (G1 Evacuation Pause)
Event: 16.824 Executing VM operation: G1CollectForAllocation (G1 Evacuation Pause) done
Event: 16.958 Executing VM operation: HandshakeAllThreads (Deoptimize)
Event: 16.958 Executing VM operation: HandshakeAllThreads (Deoptimize) done
Event: 17.040 Executing VM operation: HandshakeAllThreads (Deoptimize)
Event: 17.040 Executing VM operation: HandshakeAllThreads (Deoptimize) done
Event: 17.443 Executing VM operation: HandshakeAllThreads (Deoptimize)
Event: 17.443 Executing VM operation: HandshakeAllThreads (Deoptimize) done
Event: 17.496 Executing VM operation: HandshakeAllThreads (Deoptimize)
Event: 17.496 Executing VM operation: HandshakeAllThreads (Deoptimize) done
Event: 17.522 Executing VM operation: G1CollectForAllocation (G1 Evacuation Pause)

Memory protections (0 events):
No events

Nmethod flushes (20 events):
Event: 16.478 Thread 0x00000217c12a2230 flushing  nmethod 0x00000217bb0e9b88
Event: 16.478 Thread 0x00000217c12a2230 flushing  nmethod 0x00000217baddb208
Event: 16.478 Thread 0x00000217c12a2230 flushing  nmethod 0x00000217baddcb08
Event: 16.478 Thread 0x00000217c12a2230 flushing  nmethod 0x00000217badfca88
Event: 16.478 Thread 0x00000217c12a2230 flushing  nmethod 0x00000217bae92c08
Event: 16.478 Thread 0x00000217c12a2230 flushing  nmethod 0x00000217baebad88
Event: 16.478 Thread 0x00000217c12a2230 flushing  nmethod 0x00000217baf06288
Event: 16.478 Thread 0x00000217c12a2230 flushing  nmethod 0x00000217baf34388
Event: 16.478 Thread 0x00000217c12a2230 flushing  nmethod 0x00000217baf44b08
Event: 16.478 Thread 0x00000217c12a2230 flushing  nmethod 0x00000217baf46988
Event: 16.478 Thread 0x00000217c12a2230 flushing  nmethod 0x00000217baf5cf88
Event: 16.478 Thread 0x00000217c12a2230 flushing  nmethod 0x00000217baf6d888
Event: 16.478 Thread 0x00000217c12a2230 flushing  nmethod 0x00000217baf6dd08
Event: 16.478 Thread 0x00000217c12a2230 flushing  nmethod 0x00000217baf6e088
Event: 16.478 Thread 0x00000217c12a2230 flushing  nmethod 0x00000217baf6e488
Event: 16.478 Thread 0x00000217c12a2230 flushing  nmethod 0x00000217baf6ea88
Event: 16.478 Thread 0x00000217c12a2230 flushing  nmethod 0x00000217baf87508
Event: 16.478 Thread 0x00000217c12a2230 flushing  nmethod 0x00000217bafaad88
Event: 16.478 Thread 0x00000217c12a2230 flushing  nmethod 0x00000217bb012488
Event: 16.478 Thread 0x00000217c12a2230 flushing  nmethod 0x00000217bb0a4a88

Events (20 events):
Event: 3.823 Thread 0x00000217b4a10540 Thread added: 0x000002180732efe0
Event: 3.843 Thread 0x00000217b4a10540 Thread added: 0x000002180733a410
Event: 3.905 Thread 0x00000217b4a10540 Thread added: 0x0000021807355920
Event: 3.975 Thread 0x000002180733a410 Thread added: 0x00000218073a3830
Event: 4.001 Thread 0x00000218073a3830 Thread added: 0x00000218073a8950
Event: 4.009 Thread 0x000002180732efe0 Thread added: 0x00000218073ae180
Event: 4.034 Thread 0x00000218073ae180 Thread added: 0x00000218073b9270
Event: 5.237 Thread 0x00000217b4a10540 Thread added: 0x000002180790c8d0
Event: 5.245 Thread 0x000002180790c8d0 Thread added: 0x000002180790ae90
Event: 6.841 Thread 0x00000217c148efe0 Thread exited: 0x00000217c148efe0
Event: 11.580 Thread 0x000002180790ae90 Thread added: 0x000002180790bbb0
Event: 11.818 Thread 0x000002180790ae90 Thread added: 0x0000021807909ae0
Event: 11.838 Thread 0x0000021807909ae0 Thread exited: 0x0000021807909ae0
Event: 12.371 Thread 0x000002180790ae90 Thread added: 0x000002180790b520
Event: 13.595 Thread 0x000002180790ae90 Thread added: 0x0000021807909ae0
Event: 13.753 Thread 0x000002180790b520 Thread exited: 0x000002180790b520
Event: 13.784 Thread 0x0000021807909ae0 Thread exited: 0x0000021807909ae0
Event: 17.048 Thread 0x000002180790ae90 Thread added: 0x0000021808bc1500
Event: 17.050 Thread 0x0000021808bc1500 Thread added: 0x0000021808bbe080
Event: 17.058 Thread 0x000002180790ae90 Thread added: 0x0000021808bc35d0


Dynamic libraries:
0x00007ff600360000 - 0x00007ff60036e000 	C:\Users\DELL\.p2\pool\plugins\org.eclipse.justj.openjdk.hotspot.jre.full.win32.x86_64_23.0.1.v20241024-1700\jre\bin\javaw.exe
0x00007fffe4bd0000 - 0x00007fffe4dc8000 	C:\Windows\SYSTEM32\ntdll.dll
0x00007fffe46c0000 - 0x00007fffe4782000 	C:\Windows\System32\KERNEL32.DLL
0x00007fffe28b0000 - 0x00007fffe2ba6000 	C:\Windows\System32\KERNELBASE.dll
0x00007fffe2460000 - 0x00007fffe2560000 	C:\Windows\System32\ucrtbase.dll
0x00007fffd88b0000 - 0x00007fffd88c7000 	C:\Users\DELL\.p2\pool\plugins\org.eclipse.justj.openjdk.hotspot.jre.full.win32.x86_64_23.0.1.v20241024-1700\jre\bin\jli.dll
0x00007fffe3780000 - 0x00007fffe391d000 	C:\Windows\System32\USER32.dll
0x00007fffe26c0000 - 0x00007fffe26e2000 	C:\Windows\System32\win32u.dll
0x00007fffe4aa0000 - 0x00007fffe4acb000 	C:\Windows\System32\GDI32.dll
0x00007fffe2270000 - 0x00007fffe2389000 	C:\Windows\System32\gdi32full.dll
0x00007fffe23c0000 - 0x00007fffe245d000 	C:\Windows\System32\msvcp_win.dll
0x00007fffc4560000 - 0x00007fffc457e000 	C:\Users\DELL\.p2\pool\plugins\org.eclipse.justj.openjdk.hotspot.jre.full.win32.x86_64_23.0.1.v20241024-1700\jre\bin\VCRUNTIME140.dll
0x00007fffc8a70000 - 0x00007fffc8d0b000 	C:\Windows\WinSxS\amd64_microsoft.windows.common-controls_6595b64144ccf1df_6.0.19041.6280_none_60bc30a171f2f3f3\COMCTL32.dll
0x00007fffe3e60000 - 0x00007fffe3efe000 	C:\Windows\System32\msvcrt.dll
0x00007fffe4a70000 - 0x00007fffe4a9f000 	C:\Windows\System32\IMM32.DLL
0x00007fffd23d0000 - 0x00007fffd23dc000 	C:\Users\DELL\.p2\pool\plugins\org.eclipse.justj.openjdk.hotspot.jre.full.win32.x86_64_23.0.1.v20241024-1700\jre\bin\vcruntime140_1.dll
0x00007fffbb4a0000 - 0x00007fffbb52d000 	C:\Users\DELL\.p2\pool\plugins\org.eclipse.justj.openjdk.hotspot.jre.full.win32.x86_64_23.0.1.v20241024-1700\jre\bin\msvcp140.dll
0x00007fff98990000 - 0x00007fff9975d000 	C:\Users\DELL\.p2\pool\plugins\org.eclipse.justj.openjdk.hotspot.jre.full.win32.x86_64_23.0.1.v20241024-1700\jre\bin\server\jvm.dll
0x00007fffe49a0000 - 0x00007fffe4a51000 	C:\Windows\System32\ADVAPI32.dll
0x00007fffe40b0000 - 0x00007fffe414f000 	C:\Windows\System32\sechost.dll
0x00007fffe4790000 - 0x00007fffe48b0000 	C:\Windows\System32\RPCRT4.dll
0x00007fffe2390000 - 0x00007fffe23b7000 	C:\Windows\System32\bcrypt.dll
0x00007fffe4280000 - 0x00007fffe42eb000 	C:\Windows\System32\WS2_32.dll
0x00007fffe20d0000 - 0x00007fffe211b000 	C:\Windows\SYSTEM32\POWRPROF.dll
0x00007fffd63d0000 - 0x00007fffd63f7000 	C:\Windows\SYSTEM32\WINMM.dll
0x00007fffd9340000 - 0x00007fffd934a000 	C:\Windows\SYSTEM32\VERSION.dll
0x00007fffe20b0000 - 0x00007fffe20c2000 	C:\Windows\SYSTEM32\UMPDC.dll
0x00007fffe0a50000 - 0x00007fffe0a62000 	C:\Windows\SYSTEM32\kernel.appcore.dll
0x00007fffdc1c0000 - 0x00007fffdc1ca000 	C:\Users\DELL\.p2\pool\plugins\org.eclipse.justj.openjdk.hotspot.jre.full.win32.x86_64_23.0.1.v20241024-1700\jre\bin\jimage.dll
0x00007fffdcf40000 - 0x00007fffdd141000 	C:\Windows\SYSTEM32\DBGHELP.DLL
0x00007fffbee60000 - 0x00007fffbee94000 	C:\Windows\SYSTEM32\dbgcore.DLL
0x00007fffe26f0000 - 0x00007fffe2772000 	C:\Windows\System32\bcryptPrimitives.dll
0x00007fffd9150000 - 0x00007fffd916e000 	C:\Users\DELL\.p2\pool\plugins\org.eclipse.justj.openjdk.hotspot.jre.full.win32.x86_64_23.0.1.v20241024-1700\jre\bin\java.dll
0x00007fffe4150000 - 0x00007fffe427b000 	C:\Windows\System32\ole32.dll
0x00007fffe4360000 - 0x00007fffe46b3000 	C:\Windows\System32\combase.dll
0x00007fffe3010000 - 0x00007fffe3780000 	C:\Windows\System32\SHELL32.dll
0x00007fffdd150000 - 0x00007fffdd8f5000 	C:\Windows\SYSTEM32\windows.storage.dll
0x00007fffe1bd0000 - 0x00007fffe1bfb000 	C:\Windows\SYSTEM32\Wldp.dll
0x00007fffe3d90000 - 0x00007fffe3e5d000 	C:\Windows\System32\OLEAUT32.dll
0x00007fffe2f40000 - 0x00007fffe2fed000 	C:\Windows\System32\SHCORE.dll
0x00007fffe42f0000 - 0x00007fffe434b000 	C:\Windows\System32\shlwapi.dll
0x00007fffe21a0000 - 0x00007fffe21c4000 	C:\Windows\SYSTEM32\profapi.dll
0x00007fffd87b0000 - 0x00007fffd87c7000 	C:\Users\DELL\.p2\pool\plugins\org.eclipse.justj.openjdk.hotspot.jre.full.win32.x86_64_23.0.1.v20241024-1700\jre\bin\zip.dll
0x00007fffda3a0000 - 0x00007fffda3b0000 	C:\Users\DELL\.p2\pool\plugins\org.eclipse.justj.openjdk.hotspot.jre.full.win32.x86_64_23.0.1.v20241024-1700\jre\bin\net.dll
0x00007fffe1930000 - 0x00007fffe199a000 	C:\Windows\system32\mswsock.dll
0x00007fffcd0f0000 - 0x00007fffcd106000 	C:\Users\DELL\.p2\pool\plugins\org.eclipse.justj.openjdk.hotspot.jre.full.win32.x86_64_23.0.1.v20241024-1700\jre\bin\nio.dll
0x00007fffc44a0000 - 0x00007fffc44aa000 	C:\Users\DELL\.p2\pool\plugins\org.eclipse.justj.openjdk.hotspot.jre.full.win32.x86_64_23.0.1.v20241024-1700\jre\bin\management.dll
0x00007fffbe450000 - 0x00007fffbe45b000 	C:\Users\DELL\.p2\pool\plugins\org.eclipse.justj.openjdk.hotspot.jre.full.win32.x86_64_23.0.1.v20241024-1700\jre\bin\management_ext.dll
0x00007fffe2c80000 - 0x00007fffe2c88000 	C:\Windows\System32\PSAPI.DLL
0x00007fffbf3e0000 - 0x00007fffbf3f7000 	C:\Windows\system32\napinsp.dll
0x00007fffba810000 - 0x00007fffba82b000 	C:\Windows\system32\pnrpnsp.dll
0x00007fffba7f0000 - 0x00007fffba80d000 	C:\Windows\system32\wshbth.dll
0x00007fffda530000 - 0x00007fffda54d000 	C:\Windows\system32\NLAapi.dll
0x00007fffe1610000 - 0x00007fffe164b000 	C:\Windows\SYSTEM32\IPHLPAPI.DLL
0x00007fffe1650000 - 0x00007fffe171a000 	C:\Windows\SYSTEM32\DNSAPI.dll
0x00007fffe4a60000 - 0x00007fffe4a68000 	C:\Windows\System32\NSI.dll
0x00007fffba7d0000 - 0x00007fffba7e2000 	C:\Windows\System32\winrnr.dll
0x00007fffd4d10000 - 0x00007fffd4d1a000 	C:\Windows\System32\rasadhlp.dll
0x00007fffd47b0000 - 0x00007fffd4830000 	C:\Windows\System32\fwpuclnt.dll
0x00007fffe1b30000 - 0x00007fffe1b48000 	C:\Windows\SYSTEM32\CRYPTSP.dll
0x00007fffe1250000 - 0x00007fffe1288000 	C:\Windows\system32\rsaenh.dll
0x00007fffe2120000 - 0x00007fffe214e000 	C:\Windows\SYSTEM32\USERENV.dll
0x00007fffe1b20000 - 0x00007fffe1b2c000 	C:\Windows\SYSTEM32\CRYPTBASE.dll
0x00007fffcd0e0000 - 0x00007fffcd0e9000 	C:\Users\DELL\.p2\pool\plugins\org.eclipse.justj.openjdk.hotspot.jre.full.win32.x86_64_23.0.1.v20241024-1700\jre\bin\extnet.dll
0x00007fffda350000 - 0x00007fffda35e000 	C:\Users\DELL\.p2\pool\plugins\org.eclipse.justj.openjdk.hotspot.jre.full.win32.x86_64_23.0.1.v20241024-1700\jre\bin\sunmscapi.dll
0x00007fffe2560000 - 0x00007fffe26bd000 	C:\Windows\System32\CRYPT32.dll
0x00007fffe1c40000 - 0x00007fffe1c67000 	C:\Windows\SYSTEM32\ncrypt.dll
0x00007fffe1c00000 - 0x00007fffe1c3b000 	C:\Windows\SYSTEM32\NTASN1.dll

dbghelp: loaded successfully - version: 4.0.5 - missing functions: none
symbol engine: initialized successfully - sym options: 0x614 - pdb path: .;C:\Users\DELL\.p2\pool\plugins\org.eclipse.justj.openjdk.hotspot.jre.full.win32.x86_64_23.0.1.v20241024-1700\jre\bin;C:\Windows\SYSTEM32;C:\Windows\WinSxS\amd64_microsoft.windows.common-controls_6595b64144ccf1df_6.0.19041.6280_none_60bc30a171f2f3f3;C:\Users\DELL\.p2\pool\plugins\org.eclipse.justj.openjdk.hotspot.jre.full.win32.x86_64_23.0.1.v20241024-1700\jre\bin\server

VM Arguments:
jvm_args: -Dcom.sun.management.jmxremote -Dcom.sun.management.jmxremote.port=65190 -Dcom.sun.management.jmxremote.authenticate=false -Dcom.sun.management.jmxremote.ssl=false -Djava.rmi.server.hostname=localhost -Dspring.jmx.enabled=true -Dmanagement.endpoints.jmx.exposure.include=* -Dspring.application.admin.enabled=true -Dspring.output.ansi.enabled=always -XX:TieredStopAtLevel=1 -Dspring.boot.project.name=ThirdParty-Cibil -Dfile.encoding=UTF-8 -Dstdout.encoding=UTF-8 -Dstderr.encoding=UTF-8 -XX:+ShowCodeDetailsInExceptionMessages 
java_command: com.ci.ThirdPartyCibilApplication
java_class_path (initial): D:\1. ResumeProjects\1. CarLoanApp\1. CarLoanApplication_Backend\ThirdParty-Cibil\target\classes;C:\Users\DELL\.m2\repository\org\springframework\boot\spring-boot-starter-web\3.5.3\spring-boot-starter-web-3.5.3.jar;C:\Users\DELL\.m2\repository\org\springframework\boot\spring-boot-starter\3.5.3\spring-boot-starter-3.5.3.jar;C:\Users\DELL\.m2\repository\org\springframework\boot\spring-boot-starter-logging\3.5.3\spring-boot-starter-logging-3.5.3.jar;C:\Users\DELL\.m2\repository\ch\qos\logback\logback-classic\1.5.18\logback-classic-1.5.18.jar;C:\Users\DELL\.m2\repository\ch\qos\logback\logback-core\1.5.18\logback-core-1.5.18.jar;C:\Users\DELL\.m2\repository\org\apache\logging\log4j\log4j-to-slf4j\2.24.3\log4j-to-slf4j-2.24.3.jar;C:\Users\DELL\.m2\repository\org\apache\logging\log4j\log4j-api\2.24.3\log4j-api-2.24.3.jar;C:\Users\DELL\.m2\repository\org\slf4j\jul-to-slf4j\2.0.17\jul-to-slf4j-2.0.17.jar;C:\Users\DELL\.m2\repository\org\yaml\snakeyaml\2.4\snakeyaml-2.4.jar;C:\Users\DELL\.m2\repository\org\springframework\boot\spring-boot-starter-json\3.5.3\spring-boot-starter-json-3.5.3.jar;C:\Users\DELL\.m2\repository\com\fasterxml\jackson\datatype\jackson-datatype-jdk8\2.19.1\jackson-datatype-jdk8-2.19.1.jar;C:\Users\DELL\.m2\repository\com\fasterxml\jackson\datatype\jackson-datatype-jsr310\2.19.1\jackson-datatype-jsr310-2.19.1.jar;C:\Users\DELL\.m2\repository\com\fasterxml\jackson\module\jackson-module-parameter-names\2.19.1\jackson-module-parameter-names-2.19.1.jar;C:\Users\DELL\.m2\repository\org\springframework\spring-web\6.2.8\spring-web-6.2.8.jar;C:\Users\DELL\.m2\repository\org\springframework\spring-beans\6.2.8\spring-beans-6.2.8.jar;C:\Users\DELL\.m2\repository\io\micrometer\micrometer-observation\1.15.1\micrometer-observation-1.15.1.jar;C:\Users\DELL\.m2\repository\io\micrometer\micrometer-commons\1.15.1\micrometer-commons-1.15.1.jar;C:\Users\DELL\.m2\repository\org\springframework\spring-webmvc\6.2.8\spring-webmvc-6.2.8.jar;C:\Users\DELL\.m2\repository\org\springframework\spring-aop\6.2.8\spring-aop-6.2.8.jar;C:\Users\DELL\.m2\repository\org\springframework\spring-context\6.2.8\spring-context-6.2.8.jar;C:\Users\DELL\.m2\repository\org\springframework\spring-expression\6.2.8\spring-expression-6.2.8.jar;C:\Users\DELL\.m2\repository\org\springframework\boot\spring-boot-starter-tomcat\3.5.3\spring-boot-starter-tomcat-3.5.3.jar;C:\Users\DELL\.m2\repository\jakarta\annotation\jakarta.annotation-api\2.1.1\jakarta.annotation-api-2.1.1.jar;C:\Users\DELL\.m2\repository\org\apache\tomcat\embed\tomcat-embed-core\10.1.42\tomcat-embed-core-10.1.42.jar;C:\Users\DELL\.m2\repository\org\apache\tomcat\embed\tomcat-embed-el\10.1.42\tomcat-embed-el-10.1.42.jar;C:\Users\DELL\.m2\repository\org\apache\tomcat\embed\tomcat-embed-websocket\10.1.42\tomcat-embed-websocket-10.1.42.jar;C:\Users\DELL\.m2\repository\org\slf4j\slf4j-api\2.0.17\slf4j-api-2.0.17.jar;C:\Users\DELL\.m2\repository\jakarta\xml\bind\jakarta.xml.bind-api\4.0.2\jakarta.xml.bind-api-4.0.2.jar;C:\Users\DELL\.m2\repository\jakarta\activation\jakarta.activation-api\2.1.3\jakarta.activation-api-2.1.3.jar;C:\Users\DELL\.m2\repository\org\springframework\spring-core\6.2.8\spring-core-6.2.8.jar;C:\Users\DELL\.m2\repository\org\springframework\spring-jcl\6.2.8\spring-jcl-6.2.8.jar;C:\Users\DELL\.m2\repository\org\springframework\boot\spring-boot-devtools\3.5.3\spring-boot-devtools-3.5.3.jar;C:\Users\DELL\.m2\repository\org\springframework\boot\spring-boot\3.5.3\spring-boot-3.5.3.jar;C:\Users\DELL\.m2\repository\org\springframework\boot\spring-boot-autoconfigure\3.5.3\spring-boot-autoconfigure-3.5.3.jar;C:\Users\DELL\.m2\repository\org\springframework\cloud\spring-cloud-starter-netflix-eureka-client\4.3.0\spring-cloud-starter-netflix-eureka-client-4.3.0.jar;C:\Users\DELL\.m2\repository\org\springframework\cloud\spring-cloud-starter\4.3.0\spring-cloud-starter-4.3.0.jar;C:\Users\DELL\.m2\repository\org\springframework\cloud\spring-cloud-context\4.3.0\spring-cloud-context-4.3.0.jar;C:\Users\DELL\.m2\repository\org\springframework\security\spring-security-crypto\6.5.1\spring-security-crypto-6.5.1.jar;C:\Users\DELL\.m2\repository\org\springframework\cloud\spring-cloud-commons\4.3.0\spring-cloud-commons-4.3.0.jar;C:\Users\DELL\.m2\repository\org\bouncycastle\bcprov-jdk18on\1.80\bcprov-jdk18on-1.80.jar;C:\Users\DELL\.m2\repository\org\springframework\cloud\spring-cloud-netflix-eureka-client\4.3.0\spring-cloud-netflix-eureka-client-4.3.0.jar;C:\Users\DELL\.m2\repository\org\apache\httpcomponents\client5\httpclient5\5.5\httpclient5-5.5.jar;C:\Users\DELL\.m2\repository\org\apache\httpcomponents\core5\httpcore5\5.3.4\httpcore5-5.3.4.jar;C:\Users\DELL\.m2\repository\org\apache\httpcomponents\core5\httpcore5-h2\5.3.4\httpcore5-h2-5.3.4.jar;C:\Users\DELL\.m2\repository\com\netflix\eureka\eureka-client\2.0.4\eureka-client-2.0.4.jar;C:\Users\DELL\.m2\repository\com\thoughtworks\xstream\xstream\1.4.20\xstream-1.4.20.jar;C:\Users\DELL\.m2\repository\io\github\x-stream\mxparser\1.2.2\mxparser-1.2.2.jar;C:\Users\DELL\.m2\repository\xmlpull\xmlpull\1.1.3.1\xmlpull-1.1.3.1.jar;C:\Users\DELL\.m2\repository\jakarta\ws\rs\jakarta.ws.rs-api\3.1.0\jakarta.ws.rs-api-3.1.0.jar;C:\Users\DELL\.m2\repository\jakarta\inject\jakarta.inject-api\2.0.1\jakarta.inject-api-2.0.1.jar;C:\Users\DELL\.m2\repository\com\netflix\spectator\spectator-api\1.7.3\spectator-api-1.7.3.jar;C:\Users\DELL\.m2\repository\org\apache\httpcomponents\httpclient\4.5.3\httpclient-4.5.3.jar;C:\Users\DELL\.m2\repository\org\apache\httpcomponents\httpcore\4.4.16\httpcore-4.4.16.jar;C:\Users\DELL\.m2\repository\commons-codec\commons-codec\1.18.0\commons-codec-1.18.0.jar;C:\Users\DELL\.m2\repository\commons-configuration\commons-configuration\1.10\commons-configuration-1.10.jar;C:\Users\DELL\.m2\repository\commons-lang\commons-lang\2.6\commons-lang-2.6.jar;C:\Users\DELL\.m2\repository\com\fasterxml\jackson\core\jackson-annotations\2.19.1\jackson-annotations-2.19.1.jar;C:\Users\DELL\.m2\repository\com\fasterxml\jackson\core\jackson-core\2.19.1\jackson-core-2.19.1.jar;C:\Users\DELL\.m2\repository\com\netflix\netflix-commons\netflix-eventbus\0.3.0\netflix-eventbus-0.3.0.jar;C:\Users\DELL\.m2\repository\com\netflix\netflix-commons\netflix-infix\0.3.0\netflix-infix-0.3.0.jar;C:\Users\DELL\.m2\repository\commons-jxpath\commons-jxpath\1.3\commons-jxpath-1.3.jar;C:\Users\DELL\.m2\repository\joda-time\joda-time\2.3\joda-time-2.3.jar;C:\Users\DELL\.m2\repository\org\antlr\antlr-runtime\3.4\antlr-runtime-3.4.jar;C:\Users\DELL\.m2\repository\org\antlr\stringtemplate\3.2.1\stringtemplate-3.2.1.jar;C:\Users\DELL\.m2\repository\antlr\antlr\2.7.7\antlr-2.7.7.jar;C:\Users\DELL\.m2\repository\com\google\guava\guava\14.0.1\guava-14.0.1.jar;C:\Users\DELL\.m2\repository\com\google\code\gson\gson\2.13.1\gson-2.13.1.jar;C:\Users\DELL\.m2\repository\com\google\errorprone\error_prone_annotations\2.38.0\error_prone_annotations-2.38.0.jar;C:\Users\DELL\.m2\repository\com\netflix\servo\servo-core\0.5.3\servo-core-0.5.3.jar;C:\Users\DELL\.m2\repository\org\apache\commons\commons-math\2.2\commons-math-2.2.jar;C:\Users\DELL\.m2\repository\javax\annotation\javax.annotation-api\1.2\javax.annotation-api-1.2.jar;C:\Users\DELL\.m2\repository\org\codehaus\jettison\jettison\1.5.4\jettison-1.5.4.jar;C:\Users\DELL\.m2\repository\org\springframework\cloud\spring-cloud-starter-loadbalancer\4.3.0\spring-cloud-starter-loadbalancer-4.3.0.jar;C:\Users\DELL\.m2\repository\org\springframework\cloud\spring-cloud-loadbalancer\4.3.0\spring-cloud-loadbalancer-4.3.0.jar;C:\Users\DELL\.m2\repository\io\projectreactor\reactor-core\3.7.7\reactor-core-3.7.7.jar;C:\Users\DELL\.m2\repository\org\reactivestreams\reactive-streams\1.0.4\reactive-streams-1.0.4.jar;C:\Users\DELL\.m2\repository\io\projectreactor\addons\reactor-extra\3.5.2\reactor-extra-3.5.2.jar;C:\Users\DELL\.m2\repository\org\springframework\boot\spring-boot-starter-cache\3.5.3\spring-boot-starter-cache-3.5.3.jar;C:\Users\DELL\.m2\repository\org\springframework\spring-context-support\6.2.8\spring-context-support-6.2.8.jar;C:\Users\DELL\.m2\repository\com\stoyanr\evictor\1.0.0\evictor-1.0.0.jar;C:\Users\DELL\.m2\repository\org\springframework\cloud\spring-cloud-starter-config\4.3.0\spring-cloud-starter-config-4.3.0.jar;C:\Users\DELL\.m2\repository\org\springframework\cloud\spring-cloud-config-client\4.3.0\spring-cloud-config-client-4.3.0.jar;C:\Users\DELL\.m2\repository\com\fasterxml\jackson\core\jackson-databind\2.19.1\jackson-databind-2.19.1.jar;C:\Users\DELL\.m2\repository\org\springdoc\springdoc-openapi-starter-webmvc-ui\2.8.8\springdoc-openapi-starter-webmvc-ui-2.8.8.jar;C:\Users\DELL\.m2\repository\org\springdoc\springdoc-openapi-starter-webmvc-api\2.8.8\springdoc-openapi-starter-webmvc-api-2.8.8.jar;C:\Users\DELL\.m2\repository\org\springdoc\springdoc-openapi-starter-common\2.8.8\springdoc-openapi-starter-common-2.8.8.jar;C:\Users\DELL\.m2\repository\org\springframework\boot\spring-boot-starter-validation\3.5.3\spring-boot-starter-validation-3.5.3.jar;C:\Users\DELL\.m2\repository\org\hibernate\validator\hibernate-validator\8.0.2.Final\hibernate-validator-8.0.2.Final.jar;C:\Users\DELL\.m2\repository\org\jboss\logging\jboss-logging\3.6.1.Final\jboss-logging-3.6.1.Final.jar;C:\Users\DELL\.m2\repository\com\fasterxml\classmate\1.7.0\classmate-1.7.0.jar;C:\Users\DELL\.m2\repository\io\swagger\core\v3\swagger-core-jakarta\2.2.30\swagger-core-jakarta-2.2.30.jar;C:\Users\DELL\.m2\repository\org\apache\commons\commons-lang3\3.17.0\commons-lang3-3.17.0.jar;C:\Users\DELL\.m2\repository\io\swagger\core\v3\swagger-annotations-jakarta\2.2.30\swagger-annotations-jakarta-2.2.30.jar;C:\Users\DELL\.m2\repository\io\swagger\core\v3\swagger-models-jakarta\2.2.30\swagger-models-jakarta-2.2.30.jar;C:\Users\DELL\.m2\repository\jakarta\validation\jakarta.validation-api\3.0.2\jakarta.validation-api-3.0.2.jar;C:\Users\DELL\.m2\repository\com\fasterxml\jackson\dataformat\jackson-dataformat-yaml\2.19.1\jackson-dataformat-yaml-2.19.1.jar;C:\Users\DELL\.m2\repository\org\webjars\swagger-ui\5.21.0\swagger-ui-5.21.0.jar;C:\Users\DELL\.m2\repository\org\webjars\webjars-locator-lite\1.1.0\webjars-locator-lite-1.1.0.jar;C:\Users\DELL\.m2\repository\org\jspecify\jspecify\1.0.0\jspecify-1.0.0.jar
Launcher Type: SUN_STANDARD

[Global flags]
     intx CICompilerCount                          = 3                                         {product} {ergonomic}
     uint ConcGCThreads                            = 1                                         {product} {ergonomic}
     uint G1ConcRefinementThreads                  = 4                                         {product} {ergonomic}
   size_t G1HeapRegionSize                         = 1048576                                   {product} {ergonomic}
   size_t InitialHeapSize                          = 67108864                                  {product} {ergonomic}
     bool ManagementServer                         = true                                      {product} {command line}
   size_t MarkStackSize                            = 4194304                                   {product} {ergonomic}
   size_t MarkStackSizeMax                         = 536870912                                 {product} {ergonomic}
   size_t MaxHeapSize                              = 1048576000                                {product} {ergonomic}
   size_t MaxNewSize                               = 629145600                                 {product} {ergonomic}
   size_t MinHeapDeltaBytes                        = 1048576                                   {product} {ergonomic}
   size_t MinHeapSize                              = 8388608                                   {product} {ergonomic}
    uintx NonNMethodCodeHeapSize                   = 4096                                   {pd product} {ergonomic}
    uintx NonProfiledCodeHeapSize                  = 0                                      {pd product} {ergonomic}
     bool ProfileInterpreter                       = false                                  {pd product} {command line}
    uintx ProfiledCodeHeapSize                     = 0                                      {pd product} {ergonomic}
     bool ShowCodeDetailsInExceptionMessages       = true                                   {manageable} {command line}
   size_t SoftMaxHeapSize                          = 1048576000                             {manageable} {ergonomic}
     intx TieredStopAtLevel                        = 1                                         {product} {command line}
     bool UseCompressedOops                        = true                           {product lp64_product} {ergonomic}
     bool UseG1GC                                  = true                                      {product} {ergonomic}
     bool UseLargePagesIndividualAllocation        = false                                  {pd product} {ergonomic}

Logging:
Log output configuration:
 #0: stdout all=warning uptime,level,tags foldmultilines=false
 #1: stderr all=off uptime,level,tags foldmultilines=false

Environment Variables:
PATH=C:/Users/DELL/.p2/pool/plugins/org.eclipse.justj.openjdk.hotspot.jre.full.win32.x86_64_23.0.1.v20241024-1700/jre/bin/server;C:/Users/DELL/.p2/pool/plugins/org.eclipse.justj.openjdk.hotspot.jre.full.win32.x86_64_23.0.1.v20241024-1700/jre/bin;C:\Program Files\Eclipse Adoptium\jdk-17.0.15.6-hotspot\bin;C:\Program Files (x86)\Common Files\Oracle\Java\java8path;C:\Program Files (x86)\Common Files\Oracle\Java\javapath;C:\Windows\system32;C:\Windows;C:\Windows\System32\Wbem;C:\Windows\System32\WindowsPowerShell\v1.0\;C:\Windows\System32\OpenSSH\;C:\Program Files\dotnet\;C:\Program Files (x86)\Intel\Intel(R) Management Engine Components\DAL;C:\Program Files\Intel\Intel(R) Management Engine Components\DAL;C:\Program Files\Polyspace\R2019a\runtime\win64;C:\Program Files\Polyspace\R2019a\bin;C:\Program Files\Polyspace\R2019a\polyspace\bin;C:\Program Files\Java\jdk1.8.0_131\bin;C:\ProgramData\chocolatey\bin;C:\Program Files\Git\cmd;C:\Program Files\nodejs\;C:\Program Files\MySQL\MySQL Shell 8.0\bin\;C:\Users\DELL\AppData\Local\Microsoft\WindowsApps;;C:\Program Files\JetBrains\PyCharm Community Edition 2022.3.1\bin;;C:\Users\DELL\AppData\Local\Programs\Microsoft VS Code\bin;C:\Users\DELL\AppData\Roaming\npm;C:\Windows\System32;
USERNAME=DELL
OS=Windows_NT
PROCESSOR_IDENTIFIER=Intel64 Family 6 Model 142 Stepping 9, GenuineIntel
TMP=C:\Users\DELL\AppData\Local\Temp
TEMP=C:\Users\DELL\AppData\Local\Temp




Periodic native trim disabled

---------------  S Y S T E M  ---------------

OS:
 Windows 10 , 64 bit Build 19041 (10.0.19041.5915)
OS uptime: 6 days 15:23 hours

CPU: total 4 (initial active 4) (2 cores per cpu, 2 threads per core) family 6 model 142 stepping 9 microcode 0xf4, cx8, cmov, fxsr, ht, mmx, 3dnowpref, sse, sse2, sse3, ssse3, sse4.1, sse4.2, popcnt, lzcnt, tsc, tscinvbit, avx, avx2, aes, erms, clmul, bmi1, bmi2, adx, fma, vzeroupper, clflush, clflushopt, rdtscp, f16c
Processor Information for the first 4 processors :
  Max Mhz: 2304, Current Mhz: 2304, Mhz Limit: 2304

Memory: 4k page, system-wide physical 3996M (98M free)
TotalPageFile size 16284M (AvailPageFile size 4M)
current process WorkingSet (physical memory assigned to process): 164M, peak: 164M
current process commit charge ("private bytes"): 197M, peak: 205M

vm_info: OpenJDK 64-Bit Server VM (23.0.1+11) for windows-amd64 JRE (23.0.1+11), built on 2024-10-15T00:00:00Z with MS VC++ 17.7 (VS2022)

END.
