#
# A fatal error has been detected by the Java Runtime Environment:
#
#  EXCEPTION_UNCAUGHT_CXX_EXCEPTION (0xe06d7363) at pc=0x00007ffff55aaf29, pid=3964, tid=9304
#
# JRE version: OpenJDK Runtime Environment Temurin-23.0.1+11 (23.0.1+11) (build 23.0.1+11)
# Java VM: OpenJDK 64-Bit Server VM Temurin-23.0.1+11 (23.0.1+11, mixed mode, emulated-client, sharing, tiered, compressed oops, compressed class ptrs, g1 gc, windows-amd64)
# Problematic frame:
# C  [KERNELBASE.dll+0x3af29]
#
# No core dump will be written. Minidumps are not enabled by default on client versions of Windows
#
# If you would like to submit a bug report, please visit:
#   https://github.com/adoptium/adoptium-support/issues
#

---------------  S U M M A R Y ------------

Command Line: -Dcom.sun.management.jmxremote -Dcom.sun.management.jmxremote.port=56713 -Dcom.sun.management.jmxremote.authenticate=false -Dcom.sun.management.jmxremote.ssl=false -Djava.rmi.server.hostname=localhost -Dspring.jmx.enabled=true -Dmanagement.endpoints.jmx.exposure.include=* -Dspring.application.admin.enabled=true -Dspring.output.ansi.enabled=always -XX:TieredStopAtLevel=1 -Dspring.boot.project.name=OperationalExecutive-CarLoan -Dfile.encoding=UTF-8 -Dstdout.encoding=UTF-8 -Dstderr.encoding=UTF-8 -XX:+ShowCodeDetailsInExceptionMessages com.oe.OperationalExecutiveCarLoanApplication

Host: Intel(R) Core(TM) i3-7020U CPU @ 2.30GHz, 4 cores, 3G,  Windows 10 , 64 bit Build 19041 (10.0.19041.5915)
Time: Mon Jul  7 12:45:52 2025 India Standard Time elapsed time: 4.713717 seconds (0d 0h 0m 4s)

---------------  T H R E A D  ---------------

Current thread (0x000001ee8ed80eb0):  JavaThread "main"             [_thread_in_vm, id=9304, stack(0x00000048e1f00000,0x00000048e2000000) (1024K)]

Stack: [0x00000048e1f00000,0x00000048e2000000],  sp=0x00000048e1ffd4c0,  free space=1013k
Native frames: (J=compiled Java code, j=interpreted, Vv=VM code, C=native code)
C  [KERNELBASE.dll+0x3af29]  (no source info available)
C  [VCRUNTIME140.dll+0x5267]  (no source info available)
C  [jimage.dll+0x3223]  (no source info available)
C  [jimage.dll+0x2995]  (no source info available)
C  [jimage.dll+0x1413]  (no source info available)
C  [jimage.dll+0x1e27]  (no source info available)
C  [jimage.dll+0x1ebe]  (no source info available)
C  [jimage.dll+0x25e2]  (no source info available)
V  [jvm.dll+0x220580]  (no source info available)
V  [jvm.dll+0x21f731]  (no source info available)
V  [jvm.dll+0x84dc10]  (no source info available)
V  [jvm.dll+0x84ec76]  (no source info available)
V  [jvm.dll+0x84f284]  (no source info available)
V  [jvm.dll+0x84ef08]  (no source info available)
V  [jvm.dll+0x26ed1b]  (no source info available)
V  [jvm.dll+0x3d850e]  (no source info available)
C  0x000001ee92c39301  (no source info available)

The last pc belongs to new (printed below).
Java frames: (J=compiled Java code, j=interpreted, Vv=VM code)
j  java.lang.invoke.VarHandles.makeFieldHandle(Ljava/lang/invoke/MemberName;Ljava/lang/Class;Z)Ljava/lang/invoke/VarHandle;+273 java.base@23.0.1
j  java.lang.invoke.MethodHandles$Lookup.getFieldVarHandleCommon(BBLjava/lang/Class;Ljava/lang/invoke/MemberName;Ljava/lang/invoke/MemberName;Z)Ljava/lang/invoke/VarHandle;+265 java.base@23.0.1
j  java.lang.invoke.MethodHandles$Lookup.getFieldVarHandle(BBLjava/lang/Class;Ljava/lang/invoke/MemberName;Ljava/lang/invoke/MemberName;)Ljava/lang/invoke/VarHandle;+12 java.base@23.0.1
j  java.lang.invoke.MethodHandles$Lookup.findVarHandle(Ljava/lang/Class;Ljava/lang/String;Ljava/lang/Class;)Ljava/lang/invoke/VarHandle;+28 java.base@23.0.1
j  java.util.concurrent.atomic.Striped64.<clinit>()V+35 java.base@23.0.1
v  ~StubRoutines::call_stub 0x000001ee92c20fcd
j  java.util.concurrent.ConcurrentSkipListMap.addCount(J)V+14 java.base@23.0.1
j  java.util.concurrent.ConcurrentSkipListMap.doPut(Ljava/lang/Object;Ljava/lang/Object;Z)Ljava/lang/Object;+540 java.base@23.0.1
j  java.util.concurrent.ConcurrentSkipListMap.putIfAbsent(Ljava/lang/Object;Ljava/lang/Object;)Ljava/lang/Object;+16 java.base@23.0.1
j  java.util.concurrent.ConcurrentSkipListSet.add(Ljava/lang/Object;)Z+8 java.base@23.0.1
j  java.net.InetAddress$NameServiceAddresses.get()[Ljava/net/InetAddress;+214 java.base@23.0.1
j  java.net.InetAddress.getAllByName0(Ljava/lang/String;ZZ)[Ljava/net/InetAddress;+172 java.base@23.0.1
j  java.net.InetAddress.getLocalHost()Ljava/net/InetAddress;+87 java.base@23.0.1
j  javax.management.remote.JMXServiceURL.<init>(Ljava/lang/String;Ljava/lang/String;ILjava/lang/String;)V+15 java.management@23.0.1
j  javax.management.remote.JMXServiceURL.<init>(Ljava/lang/String;Ljava/lang/String;I)V+5 java.management@23.0.1
j  sun.management.jmxremote.ConnectorBootstrap.exportMBeanServer(Ljavax/management/MBeanServer;IIZZLjava/lang/String;[Ljava/lang/String;[Ljava/lang/String;ZZLjava/lang/String;Ljava/lang/String;ZLjava/lang/String;Ljava/lang/String;Ljava/lang/String;)Lsun/management/jmxremote/ConnectorBootstrap$JMXConnectorServerData;+18 jdk.management.agent@23.0.1
j  sun.management.jmxremote.ConnectorBootstrap.startRemoteConnectorServer(Ljava/lang/String;Ljava/util/Properties;)Ljavax/management/remote/JMXConnectorServer;+620 jdk.management.agent@23.0.1
j  jdk.internal.agent.Agent.startAgent(Ljava/util/Properties;)V+48 jdk.management.agent@23.0.1
j  jdk.internal.agent.Agent.startAgent()V+20 jdk.management.agent@23.0.1
v  ~StubRoutines::call_stub 0x000001ee92c20fcd

siginfo: EXCEPTION_UNCAUGHT_CXX_EXCEPTION (0xe06d7363), ExceptionInformation=0x0000000019930520 0x00000048e1ffd620 0x00007fffecab5268 0x00007fffecab0000 


Registers:
RAX=0x00007fff9667518f, RBX=0x00007fffecab5268, RCX=0x000001ee9a3bbcf8, RDX=0x00000000c57d6ac0
RSP=0x00000048e1ffd4c0, RBP=0x00000048e1ffd750, RSI=0x00000048e1ffd620, RDI=0x0000000019930520
R8 =0x000001ee8ed815a8, R9 =0x00000000cc112238, R10=0x000001ee8ee30da0, R11=0x0000000000000000
R12=0x0000000000001ec3, R13=0x000001ee8ed815a8, R14=0x000001ee99308060, R15=0x000001ee99308060
RIP=0x00007ffff55aaf29, EFLAGS=0x0000000000000206


Register to memory mapping:

RAX=0x00007fff9667518f jvm.dll
RBX=0x00007fffecab5268 jimage.dll
RCX={method} {0x000001ee9a3bbd00} '<clinit>' '()V' in 'java/util/concurrent/atomic/Striped64'
RDX=0x00000000c57d6ac0 is an oop: java.lang.Class 
{0x00000000c57d6ac0} - klass: 'java/lang/Class'
 - ---- fields (total size 16 words):
 - private volatile transient 'classRedefinedCount' 'I' @12  0 (0x00000000)
 - injected 'klass' 'J' @16  2124301449240 (0x000001ee9a3bb818)
 - injected 'array_klass' 'J' @24  0 (0x0000000000000000)
 - injected 'oop_size' 'I' @32  16 (0x00000010)
 - injected 'static_oop_field_count' 'I' @36  3 (0x00000003)
 - private volatile transient 'cachedConstructor' 'Ljava/lang/reflect/Constructor;' @40  null (0x00000000)
 - private transient 'name' 'Ljava/lang/String;' @44  null (0x00000000)
 - private transient 'module' 'Ljava/lang/Module;' @48  a 'java/lang/Module'{0x00000000c492a308} (0xc492a308)
 - private final 'classLoader' 'Ljava/lang/ClassLoader;' @52  null (0x00000000)
 - private transient 'classData' 'Ljava/lang/Object;' @56  null (0x00000000)
 - private transient 'packageName' 'Ljava/lang/String;' @60  null (0x00000000)
 - private final 'componentType' 'Ljava/lang/Class;' @64  [I{0x00000000c57d6b40} (0xc57d6b40)
 - private volatile transient 'reflectionData' 'Ljava/lang/ref/SoftReference;' @68  null (0x00000000)
 - private volatile transient 'genericInfo' 'Lsun/reflect/generics/repository/ClassRepository;' @72  null (0x00000000)
 - private volatile transient 'enumConstants' '[Ljava/lang/Object;' @76  null (0x00000000)
 - private volatile transient 'enumConstantDirectory' 'Ljava/util/Map;' @80  null (0x00000000)
 - private volatile transient 'annotationData' 'Ljava/lang/Class$AnnotationData;' @84  null (0x00000000)
 - private volatile transient 'annotationType' 'Lsun/reflect/annotation/AnnotationType;' @88  null (0x00000000)
 - transient 'classValueMap' 'Ljava/lang/ClassValue$ClassValueMap;' @92  null (0x00000000)
 - injected 'protection_domain' 'Ljava/lang/Object;' @96  null (0x00000000)
 - injected 'signers_name' 'Ljava/lang/Object;' @100  null (0x00000000)
 - injected 'source_file' 'Ljava/lang/Object;' @104  null (0x00000000)
 - signature: Ljava/util/concurrent/atomic/Striped64;
 - ---- static fields (3):
 - static final 'NCPU' 'I' @124  4 (0x00000004)
 - private static final 'BASE' 'Ljava/lang/invoke/VarHandle;' @112  a 'java/lang/invoke/VarHandleLongs$FieldInstanceReadWrite'{0x00000000c57de9a0} (0xc57de9a0)
 - private static final 'CELLSBUSY' 'Ljava/lang/invoke/VarHandle;' @116  null (0x00000000)
 - private static final 'THREAD_PROBE' 'Ljava/lang/invoke/VarHandle;' @120  null (0x00000000)
RSP=0x00000048e1ffd4c0 is pointing into the stack for thread: 0x000001ee8ed80eb0
RBP=0x00000048e1ffd750 is pointing into the stack for thread: 0x000001ee8ed80eb0
RSI=0x00000048e1ffd620 is pointing into the stack for thread: 0x000001ee8ed80eb0
RDI=0x0000000019930520 is an unknown value
R8 =0x000001ee8ed815a8 points into unknown readable memory: 0x7361622e6176616a | 6a 61 76 61 2e 62 61 73
R9 =0x00000000cc112238 is an unallocated location in the heap
R10=0x000001ee8ee30da0 points into unknown readable memory: 0x000001ee8ee22480 | 80 24 e2 8e ee 01 00 00
R11=0x0 is null
R12=0x0000000000001ec3 is an unknown value
R13=0x000001ee8ed815a8 points into unknown readable memory: 0x7361622e6176616a | 6a 61 76 61 2e 62 61 73
R14=0x000001ee99308060 points into unknown readable memory: 0x0000000000000000 | 00 00 00 00 00 00 00 00
R15=0x000001ee99308060 points into unknown readable memory: 0x0000000000000000 | 00 00 00 00 00 00 00 00

Top of Stack: (sp=0x00000048e1ffd4c0)
0x00000048e1ffd4c0:   00000048e1ffd838 00007fffecab5268
0x00000048e1ffd4d0:   00000048e1ffd620 0000000000000000
0x00000048e1ffd4e0:   00000001e06d7363 0000000000000000
0x00000048e1ffd4f0:   00007ffff55aaf29 000001ee00000004
0x00000048e1ffd500:   0000000019930520 00000048e1ffd620
0x00000048e1ffd510:   00007fffecab5268 00007fffecab0000
0x00000048e1ffd520:   000001ee8ed815a8 0000000000001ec3
0x00000048e1ffd530:   00000048e1ffd620 00000048e1ffd750
0x00000048e1ffd540:   00000048e1ffd5c0 00007ffff7884a5f
0x00000048e1ffd550:   0000000019930520 00007fff00000000
0x00000048e1ffd560:   00000048e1ffd838 00007ffff78a1910
0x00000048e1ffd570:   00007fffecab7000 00007fffecab0000
0x00000048e1ffd580:   00007fb125169728 00007ffff55c801b
0x00000048e1ffd590:   00007fffecab5268 00007fffcbd95267
0x00000048e1ffd5a0:   0000456311e603ec 0000000000000001
0x00000048e1ffd5b0:   0000000000000008 00007ffff50e39ce
0x00000048e1ffd5c0:   00007fffecab0000 0000000019930520
0x00000048e1ffd5d0:   00000048e1ffd620 00007fffecab5268
0x00000048e1ffd5e0:   00007fffecab0000 00007ffff514c8e0
0x00000048e1ffd5f0:   000001ee8f1ff794 00007fffecab3223
0x00000048e1ffd600:   0000000000000000 000001ee8f1ff794
0x00000048e1ffd610:   0000000000001ec3 000001ee8f1ff794
0x00000048e1ffd620:   00007fffecab4478 00007fffecab4488
0x00000048e1ffd630:   0000000000000000 000001ee9a1c0000
0x00000048e1ffd640:   0000000000001ec3 00007fffecab2995
0x00000048e1ffd650:   0000000000001ec3 00007fff967d9106
0x00000048e1ffd660:   000001ee8ed80eb0 0000000000000000
0x00000048e1ffd670:   000001ee8f1ff794 00007fffecab1413
0x00000048e1ffd680:   000a000900000001 0000001800000000
0x00000048e1ffd690:   0000000000000000 00007fff963e1ba0
0x00000048e1ffd6a0:   000001ee9aa5e0b8 00007ffff5598a9e
0x00000048e1ffd6b0:   00000048cafefafa 0000000000000818 

Instructions: (pc=0x00007ffff55aaf29)
0x00007ffff55aae29:   d8 21 00 00 41 0f 44 c0 89 43 24 8b 41 18 89 43
0x00007ffff55aae39:   28 65 48 8b 04 25 60 00 00 00 48 8b 48 20 39 79
0x00007ffff55aae49:   08 7c 36 41 b9 40 00 00 00 48 89 7c 24 20 4c 8d
0x00007ffff55aae59:   44 24 30 48 83 c9 ff 41 8d 51 e5 48 ff 15 8d 83
0x00007ffff55aae69:   1a 00 0f 1f 44 00 00 85 c0 0f 88 eb f2 08 00 81
0x00007ffff55aae79:   7c 24 54 33 00 03 00 72 0f 48 8b 9c 24 80 00 00
0x00007ffff55aae89:   00 48 83 c4 70 5f c3 cc 89 7b 2c eb ec cc cc cc
0x00007ffff55aae99:   cc cc cc cc cc cc cc 65 48 8b 04 25 30 00 00 00
0x00007ffff55aaea9:   8b 40 68 c3 cc cc cc cc cc cc cc cc cc cc cc cc
0x00007ffff55aaeb9:   cc cc cc cc cc cc cc 48 81 ec d8 00 00 00 48 8b
0x00007ffff55aaec9:   05 d2 af 27 00 48 33 c4 48 89 84 24 c0 00 00 00
0x00007ffff55aaed9:   48 83 64 24 28 00 48 8d 05 da ff ff ff 83 e2 01
0x00007ffff55aaee9:   89 4c 24 20 89 54 24 24 48 89 44 24 30 4d 85 c9
0x00007ffff55aaef9:   74 4c b8 0f 00 00 00 48 8d 4c 24 40 44 3b c0 49
0x00007ffff55aaf09:   8b d1 44 0f 47 c0 44 89 44 24 38 49 c1 e0 03 e8
0x00007ffff55aaf19:   7a c2 07 00 48 8d 4c 24 20 48 ff 15 af 83 1a 00
0x00007ffff55aaf29:   0f 1f 44 00 00 48 8b 8c 24 c0 00 00 00 48 33 cc
0x00007ffff55aaf39:   e8 d2 3e 05 00 48 81 c4 d8 00 00 00 c3 cc 83 64
0x00007ffff55aaf49:   24 38 00 eb cf cc cc cc cc cc cc cc cc cc cc cc
0x00007ffff55aaf59:   cc cc cc cc cc cc cc 40 53 48 83 ec 30 48 8b d1
0x00007ffff55aaf69:   48 8d 4c 24 20 e8 d5 cf ff ff 85 c0 74 26 48 8b
0x00007ffff55aaf79:   4c 24 28 e8 3f 80 ff ff 48 8d 4c 24 20 8b d8 48
0x00007ffff55aaf89:   ff 15 71 7b 1a 00 0f 1f 44 00 00 8b c3 48 83 c4
0x00007ffff55aaf99:   30 5b c3 cc 83 c8 ff eb f4 cc cc cc cc cc cc cc
0x00007ffff55aafa9:   cc cc cc cc cc cc cc 48 8b c4 48 89 58 10 48 89
0x00007ffff55aafb9:   70 18 57 48 83 ec 60 0f 57 c0 0f 11 40 b8 48 8d
0x00007ffff55aafc9:   35 22 dd 1a 00 33 db 48 85 c9 48 0f 45 f1 48 8b
0x00007ffff55aafd9:   d6 48 8d 48 c8 48 ff 15 d3 81 1a 00 0f 1f 44 00
0x00007ffff55aafe9:   00 8b f8 89 44 24 70 85 c0 78 1f 41 b0 01 48 8d
0x00007ffff55aaff9:   54 24 30 48 8d 4c 24 20 48 ff 15 20 7b 1a 00 0f
0x00007ffff55ab009:   1f 44 00 00 8b f8 89 44 24 70 85 ff 0f 88 55 f1
0x00007ffff55ab019:   08 00 48 83 c8 ff 48 8b c8 48 ff c1 66 39 1c 4e 


Stack slot to memory mapping:

stack at sp + 0 slots: 0x00000048e1ffd838 is pointing into the stack for thread: 0x000001ee8ed80eb0
stack at sp + 1 slots: 0x00007fffecab5268 jimage.dll
stack at sp + 2 slots: 0x00000048e1ffd620 is pointing into the stack for thread: 0x000001ee8ed80eb0
stack at sp + 3 slots: 0x0 is null
stack at sp + 4 slots: 0x00000001e06d7363 is an unknown value
stack at sp + 5 slots: 0x0 is null
stack at sp + 6 slots: 0x00007ffff55aaf29 KERNELBASE.dll
stack at sp + 7 slots: 0x000001ee00000004 is an unknown value

Lock stack of current Java thread (top to bottom):

new  187 new  [0x000001ee92c39160, 0x000001ee92c39370]  528 bytes
[MachCode]
  0x000001ee92c39160: 4883 ec08 | c5fa 1104 | 24eb 1f48 | 83ec 10c5 | fb11 0424 | eb14 4883 | ec10 4889 | 0424 48c7 
  0x000001ee92c39180: 4424 0800 | 0000 00eb | 0150 410f | b755 010f | cac1 ea10 | 488b 4de8 | 488b 4908 | 488b 4908 
  0x000001ee92c391a0: 488b 4108 | 807c 1004 | 070f 85e0 | 0000 0066 | 8b54 d148 | 488b 4928 | 488b 4cd1 | 0851 80b9 
  0x000001ee92c391c0: 3101 0000 | 040f 840d | 0000 004c | 3bb9 3801 | 0000 0f85 | b600 0000 | 8b51 08f6 | c201 0f85 
  0x000001ee92c391e0: aa00 0000 | 498b 87b8 | 0100 0048 | 8d1c 1049 | 3b9f c801 | 0000 0f87 | 9200 0000 | 4989 9fb8 
  0x000001ee92c39200: 0100 0048 | 83ea 100f | 840f 0000 | 0033 c9c1 | ea03 4889 | 4cd0 0848 | ffca 75f6 | 48c7 0001 
  0x000001ee92c39220: 0000 0059 | 33f6 8970 | 0c49 ba00 | 0000 9aee | 0100 0049 | 2bca 8948 | 0849 ba92 | 31eb 96ff 
  0x000001ee92c39240: 7f00 0041 | 803a 000f | 843c 0000 | 0050 488b | c848 83ec | 2040 f6c4 | 0f0f 8419 | 0000 0048 
  0x000001ee92c39260: 83ec 0848 | b8c0 7e94 | 96ff 7f00 | 00ff d048 | 83c4 08e9 | 0c00 0000 | 48b8 c07e | 9496 ff7f 
  0x000001ee92c39280: 0000 ffd0 | 4883 c420 | 58e9 cb00 | 0000 5948 | 8b55 e848 | 8b52 0848 | 8b52 0845 | 0fb7 4501 
  0x000001ee92c392a0: 410f c841 | c1e8 10e8 | 0500 0000 | e9a8 0000 | 0048 8d44 | 2408 4c89 | 6dc0 498b | cfc5 f877 
  0x000001ee92c392c0: 4989 afb0 | 0300 0049 | 8987 a003 | 0000 4883 | ec20 40f6 | c40f 0f84 | 1900 0000 | 4883 ec08 
  0x000001ee92c392e0: 48b8 c084 | 5c96 ff7f | 0000 ffd0 | 4883 c408 | e90c 0000 | 0048 b8c0 | 845c 96ff | 7f00 00ff 
  0x000001ee92c39300: d048 83c4 | 2049 c787 | a003 0000 | 0000 0000 | 49c7 87b0 | 0300 0000 | 0000 0049 | c787 a803 
  0x000001ee92c39320: 0000 0000 | 0000 c5f8 | 7749 837f | 0800 0f84 | 0500 0000 | e987 7bfe | ff49 8b87 | f803 0000 
  0x000001ee92c39340: 49c7 87f8 | 0300 0000 | 0000 004c | 8b6d c04c | 8b75 c84e | 8d74 f500 | c341 0fb6 | 5d03 4983 
  0x000001ee92c39360: c503 49ba | d0fb ee96 | ff7f 0000 | 41ff 24da 
[/MachCode]

---------------  P R O C E S S  ---------------

Threads class SMR info:
_java_thread_list=0x000001ee99347fd0, length=10, elements={
0x000001ee8ed80eb0, 0x000001ee9922ae80, 0x000001ee9922e600, 0x000001ee99230f00,
0x000001ee99232ee0, 0x000001ee99234be0, 0x000001ee99238b40, 0x000001ee99239ef0,
0x000001ee99321220, 0x000001ee9936bc70
}

Java Threads: ( => current thread )
=>0x000001ee8ed80eb0 JavaThread "main"                              [_thread_in_vm, id=9304, stack(0x00000048e1f00000,0x00000048e2000000) (1024K)]
  0x000001ee9922ae80 JavaThread "Reference Handler"          daemon [_thread_blocked, id=7180, stack(0x00000048e2700000,0x00000048e2800000) (1024K)]
  0x000001ee9922e600 JavaThread "Finalizer"                  daemon [_thread_blocked, id=18992, stack(0x00000048e2800000,0x00000048e2900000) (1024K)]
  0x000001ee99230f00 JavaThread "Signal Dispatcher"          daemon [_thread_blocked, id=6880, stack(0x00000048e2900000,0x00000048e2a00000) (1024K)]
  0x000001ee99232ee0 JavaThread "Attach Listener"            daemon [_thread_blocked, id=10924, stack(0x00000048e2a00000,0x00000048e2b00000) (1024K)]
  0x000001ee99234be0 JavaThread "Service Thread"             daemon [_thread_blocked, id=17116, stack(0x00000048e2b00000,0x00000048e2c00000) (1024K)]
  0x000001ee99238b40 JavaThread "Monitor Deflation Thread"   daemon [_thread_blocked, id=20152, stack(0x00000048e2c00000,0x00000048e2d00000) (1024K)]
  0x000001ee99239ef0 JavaThread "C1 CompilerThread0"         daemon [_thread_blocked, id=16980, stack(0x00000048e2d00000,0x00000048e2e00000) (1024K)]
  0x000001ee99321220 JavaThread "Common-Cleaner"             daemon [_thread_blocked, id=7636, stack(0x00000048e2e00000,0x00000048e2f00000) (1024K)]
  0x000001ee9936bc70 JavaThread "Notification Thread"        daemon [_thread_blocked, id=19764, stack(0x00000048e2f00000,0x00000048e3000000) (1024K)]
Total: 10

Other Threads:
  0x000001ee8ee3dad0 VMThread "VM Thread"                           [id=18052, stack(0x00000048e2600000,0x00000048e2700000) (1024K)]
  0x000001ee8ee359c0 WatcherThread "VM Periodic Task Thread"        [id=6372, stack(0x00000048e2500000,0x00000048e2600000) (1024K)]
  0x000001ee8edbebc0 WorkerThread "GC Thread#0"                     [id=17884, stack(0x00000048e2000000,0x00000048e2100000) (1024K)]
  0x000001eedf286d20 WorkerThread "GC Thread#1"                     [id=13516, stack(0x00000048e3000000,0x00000048e3100000) (1024K)]
  0x000001eedf294c70 WorkerThread "GC Thread#2"                     [id=21140, stack(0x00000048e3100000,0x00000048e3200000) (1024K)]
  0x000001eedf299030 WorkerThread "GC Thread#3"                     [id=8208, stack(0x00000048e3200000,0x00000048e3300000) (1024K)]
  0x000001ee8edca770 ConcurrentGCThread "G1 Main Marker"            [id=12240, stack(0x00000048e2100000,0x00000048e2200000) (1024K)]
  0x000001ee8edcbae0 WorkerThread "G1 Conc#0"                       [id=19324, stack(0x00000048e2200000,0x00000048e2300000) (1024K)]
  0x000001ee8ee24e60 ConcurrentGCThread "G1 Refine#0"               [id=10912, stack(0x00000048e2300000,0x00000048e2400000) (1024K)]
  0x000001ee8ee258f0 ConcurrentGCThread "G1 Service"                [id=17176, stack(0x00000048e2400000,0x00000048e2500000) (1024K)]
Total: 10

Threads with active compile tasks:
Total: 0

VM state: not at safepoint (normal execution)

VM Mutex/Monitor currently owned by a thread: None

Heap address: 0x00000000c1800000, size: 1000 MB, Compressed Oops mode: 32-bit

CDS archive(s) mapped at: [0x000001ee9a000000-0x000001ee9ad70000-0x000001ee9ad70000), size 14090240, SharedBaseAddress: 0x000001ee9a000000, ArchiveRelocationMode: 1.
Compressed class space mapped at: 0x000001ee9b000000-0x000001eedb000000, reserved size: 1073741824
Narrow klass base: 0x000001ee9a000000, Narrow klass shift: 0, Narrow klass range: 0x41000000

GC Precious Log:
 CardTable entry size: 512
 Card Set container configuration: InlinePtr #cards 5 size 8 Array Of Cards #cards 10 size 36 Howl #buckets 4 coarsen threshold 1843 Howl Bitmap #cards 512 size 80 coarsen threshold 460 Card regions per heap region 1 cards per card region 2048
 CPUs: 4 total, 4 available
 Memory: 3996M
 Large Page Support: Disabled
 NUMA Support: Disabled
 Compressed Oops: Enabled (32-bit)
 Heap Region Size: 1M
 Heap Min Capacity: 8M
 Heap Initial Capacity: 64M
 Heap Max Capacity: 1000M
 Pre-touch: Disabled
 Parallel Workers: 4
 Concurrent Workers: 1
 Concurrent Refinement Workers: 4
 Periodic GC: Disabled

Heap:
 garbage-first heap   total reserved 1024000K, committed 65536K, used 9029K [0x00000000c1800000, 0x0000000100000000)
  region size 1024K, 3 young (3072K), 2 survivors (2048K)
 Metaspace       used 3247K, committed 3456K, reserved 1114112K
  class space    used 414K, committed 512K, reserved 1048576K

Heap Regions: E=young(eden), S=young(survivor), O=old, HS=humongous(starts), HC=humongous(continues), CS=collection set, F=free, TAMS=top-at-mark-start, PB=parsable bottom
|   0|0x00000000c1800000, 0x00000000c1900000, 0x00000000c1900000|100%|HS|  |TAMS 0x00000000c1800000| PB 0x00000000c1800000| Complete |  0
|   1|0x00000000c1900000, 0x00000000c1a00000, 0x00000000c1a00000|100%|HS|  |TAMS 0x00000000c1900000| PB 0x00000000c1900000| Complete |  0
|   2|0x00000000c1a00000, 0x00000000c1b00000, 0x00000000c1b00000|100%|HS|  |TAMS 0x00000000c1a00000| PB 0x00000000c1a00000| Complete |  0
|   3|0x00000000c1b00000, 0x00000000c1b00000, 0x00000000c1c00000|  0%| F|  |TAMS 0x00000000c1b00000| PB 0x00000000c1b00000| Untracked |  0
|   4|0x00000000c1c00000, 0x00000000c1d00000, 0x00000000c1d00000|100%| O|  |TAMS 0x00000000c1c00000| PB 0x00000000c1c00000| Untracked |  0
|   5|0x00000000c1d00000, 0x00000000c1e00000, 0x00000000c1e00000|100%| O|  |TAMS 0x00000000c1d00000| PB 0x00000000c1d00000| Untracked |  0
|   6|0x00000000c1e00000, 0x00000000c1f00000, 0x00000000c1f00000|100%| O|  |TAMS 0x00000000c1e00000| PB 0x00000000c1e00000| Untracked |  0
|   7|0x00000000c1f00000, 0x00000000c1fd1510, 0x00000000c2000000| 81%| O|  |TAMS 0x00000000c1f00000| PB 0x00000000c1f00000| Untracked |  0
|   8|0x00000000c2000000, 0x00000000c2000000, 0x00000000c2100000|  0%| F|  |TAMS 0x00000000c2000000| PB 0x00000000c2000000| Untracked |  0
|   9|0x00000000c2100000, 0x00000000c2100000, 0x00000000c2200000|  0%| F|  |TAMS 0x00000000c2100000| PB 0x00000000c2100000| Untracked |  0
|  10|0x00000000c2200000, 0x00000000c2200000, 0x00000000c2300000|  0%| F|  |TAMS 0x00000000c2200000| PB 0x00000000c2200000| Untracked |  0
|  11|0x00000000c2300000, 0x00000000c2300000, 0x00000000c2400000|  0%| F|  |TAMS 0x00000000c2300000| PB 0x00000000c2300000| Untracked |  0
|  12|0x00000000c2400000, 0x00000000c2400000, 0x00000000c2500000|  0%| F|  |TAMS 0x00000000c2400000| PB 0x00000000c2400000| Untracked |  0
|  13|0x00000000c2500000, 0x00000000c2500000, 0x00000000c2600000|  0%| F|  |TAMS 0x00000000c2500000| PB 0x00000000c2500000| Untracked |  0
|  14|0x00000000c2600000, 0x00000000c2600000, 0x00000000c2700000|  0%| F|  |TAMS 0x00000000c2600000| PB 0x00000000c2600000| Untracked |  0
|  15|0x00000000c2700000, 0x00000000c2700000, 0x00000000c2800000|  0%| F|  |TAMS 0x00000000c2700000| PB 0x00000000c2700000| Untracked |  0
|  16|0x00000000c2800000, 0x00000000c2800000, 0x00000000c2900000|  0%| F|  |TAMS 0x00000000c2800000| PB 0x00000000c2800000| Untracked |  0
|  17|0x00000000c2900000, 0x00000000c2900000, 0x00000000c2a00000|  0%| F|  |TAMS 0x00000000c2900000| PB 0x00000000c2900000| Untracked |  0
|  18|0x00000000c2a00000, 0x00000000c2a00000, 0x00000000c2b00000|  0%| F|  |TAMS 0x00000000c2a00000| PB 0x00000000c2a00000| Untracked |  0
|  19|0x00000000c2b00000, 0x00000000c2b00000, 0x00000000c2c00000|  0%| F|  |TAMS 0x00000000c2b00000| PB 0x00000000c2b00000| Untracked |  0
|  20|0x00000000c2c00000, 0x00000000c2c00000, 0x00000000c2d00000|  0%| F|  |TAMS 0x00000000c2c00000| PB 0x00000000c2c00000| Untracked |  0
|  21|0x00000000c2d00000, 0x00000000c2d00000, 0x00000000c2e00000|  0%| F|  |TAMS 0x00000000c2d00000| PB 0x00000000c2d00000| Untracked |  0
|  22|0x00000000c2e00000, 0x00000000c2e00000, 0x00000000c2f00000|  0%| F|  |TAMS 0x00000000c2e00000| PB 0x00000000c2e00000| Untracked |  0
|  23|0x00000000c2f00000, 0x00000000c2f00000, 0x00000000c3000000|  0%| F|  |TAMS 0x00000000c2f00000| PB 0x00000000c2f00000| Untracked |  0
|  24|0x00000000c3000000, 0x00000000c3000000, 0x00000000c3100000|  0%| F|  |TAMS 0x00000000c3000000| PB 0x00000000c3000000| Untracked |  0
|  25|0x00000000c3100000, 0x00000000c3100000, 0x00000000c3200000|  0%| F|  |TAMS 0x00000000c3100000| PB 0x00000000c3100000| Untracked |  0
|  26|0x00000000c3200000, 0x00000000c3200000, 0x00000000c3300000|  0%| F|  |TAMS 0x00000000c3200000| PB 0x00000000c3200000| Untracked |  0
|  27|0x00000000c3300000, 0x00000000c3300000, 0x00000000c3400000|  0%| F|  |TAMS 0x00000000c3300000| PB 0x00000000c3300000| Untracked |  0
|  28|0x00000000c3400000, 0x00000000c3400000, 0x00000000c3500000|  0%| F|  |TAMS 0x00000000c3400000| PB 0x00000000c3400000| Untracked |  0
|  29|0x00000000c3500000, 0x00000000c3500000, 0x00000000c3600000|  0%| F|  |TAMS 0x00000000c3500000| PB 0x00000000c3500000| Untracked |  0
|  30|0x00000000c3600000, 0x00000000c3600000, 0x00000000c3700000|  0%| F|  |TAMS 0x00000000c3600000| PB 0x00000000c3600000| Untracked |  0
|  31|0x00000000c3700000, 0x00000000c3700000, 0x00000000c3800000|  0%| F|  |TAMS 0x00000000c3700000| PB 0x00000000c3700000| Untracked |  0
|  32|0x00000000c3800000, 0x00000000c3800000, 0x00000000c3900000|  0%| F|  |TAMS 0x00000000c3800000| PB 0x00000000c3800000| Untracked |  0
|  33|0x00000000c3900000, 0x00000000c3900000, 0x00000000c3a00000|  0%| F|  |TAMS 0x00000000c3900000| PB 0x00000000c3900000| Untracked |  0
|  34|0x00000000c3a00000, 0x00000000c3a00000, 0x00000000c3b00000|  0%| F|  |TAMS 0x00000000c3a00000| PB 0x00000000c3a00000| Untracked |  0
|  35|0x00000000c3b00000, 0x00000000c3b00000, 0x00000000c3c00000|  0%| F|  |TAMS 0x00000000c3b00000| PB 0x00000000c3b00000| Untracked |  0
|  36|0x00000000c3c00000, 0x00000000c3c00000, 0x00000000c3d00000|  0%| F|  |TAMS 0x00000000c3c00000| PB 0x00000000c3c00000| Untracked |  0
|  37|0x00000000c3d00000, 0x00000000c3d00000, 0x00000000c3e00000|  0%| F|  |TAMS 0x00000000c3d00000| PB 0x00000000c3d00000| Untracked |  0
|  38|0x00000000c3e00000, 0x00000000c3e00000, 0x00000000c3f00000|  0%| F|  |TAMS 0x00000000c3e00000| PB 0x00000000c3e00000| Untracked |  0
|  39|0x00000000c3f00000, 0x00000000c3f00000, 0x00000000c4000000|  0%| F|  |TAMS 0x00000000c3f00000| PB 0x00000000c3f00000| Untracked |  0
|  40|0x00000000c4000000, 0x00000000c4000000, 0x00000000c4100000|  0%| F|  |TAMS 0x00000000c4000000| PB 0x00000000c4000000| Untracked |  0
|  41|0x00000000c4100000, 0x00000000c4100000, 0x00000000c4200000|  0%| F|  |TAMS 0x00000000c4100000| PB 0x00000000c4100000| Untracked |  0
|  42|0x00000000c4200000, 0x00000000c4200000, 0x00000000c4300000|  0%| F|  |TAMS 0x00000000c4200000| PB 0x00000000c4200000| Untracked |  0
|  43|0x00000000c4300000, 0x00000000c4300000, 0x00000000c4400000|  0%| F|  |TAMS 0x00000000c4300000| PB 0x00000000c4300000| Untracked |  0
|  44|0x00000000c4400000, 0x00000000c4400000, 0x00000000c4500000|  0%| F|  |TAMS 0x00000000c4400000| PB 0x00000000c4400000| Untracked |  0
|  45|0x00000000c4500000, 0x00000000c4500000, 0x00000000c4600000|  0%| F|  |TAMS 0x00000000c4500000| PB 0x00000000c4500000| Untracked |  0
|  46|0x00000000c4600000, 0x00000000c4600000, 0x00000000c4700000|  0%| F|  |TAMS 0x00000000c4600000| PB 0x00000000c4600000| Untracked |  0
|  47|0x00000000c4700000, 0x00000000c4700000, 0x00000000c4800000|  0%| F|  |TAMS 0x00000000c4700000| PB 0x00000000c4700000| Untracked |  0
|  48|0x00000000c4800000, 0x00000000c4900000, 0x00000000c4900000|100%| S|CS|TAMS 0x00000000c4800000| PB 0x00000000c4800000| Complete |  0
|  49|0x00000000c4900000, 0x00000000c4a00000, 0x00000000c4a00000|100%| S|CS|TAMS 0x00000000c4900000| PB 0x00000000c4900000| Complete |  0
|  50|0x00000000c4a00000, 0x00000000c4a00000, 0x00000000c4b00000|  0%| F|  |TAMS 0x00000000c4a00000| PB 0x00000000c4a00000| Untracked |  0
|  51|0x00000000c4b00000, 0x00000000c4b00000, 0x00000000c4c00000|  0%| F|  |TAMS 0x00000000c4b00000| PB 0x00000000c4b00000| Untracked |  0
|  52|0x00000000c4c00000, 0x00000000c4c00000, 0x00000000c4d00000|  0%| F|  |TAMS 0x00000000c4c00000| PB 0x00000000c4c00000| Untracked |  0
|  53|0x00000000c4d00000, 0x00000000c4d00000, 0x00000000c4e00000|  0%| F|  |TAMS 0x00000000c4d00000| PB 0x00000000c4d00000| Untracked |  0
|  54|0x00000000c4e00000, 0x00000000c4e00000, 0x00000000c4f00000|  0%| F|  |TAMS 0x00000000c4e00000| PB 0x00000000c4e00000| Untracked |  0
|  55|0x00000000c4f00000, 0x00000000c4f00000, 0x00000000c5000000|  0%| F|  |TAMS 0x00000000c4f00000| PB 0x00000000c4f00000| Untracked |  0
|  56|0x00000000c5000000, 0x00000000c5000000, 0x00000000c5100000|  0%| F|  |TAMS 0x00000000c5000000| PB 0x00000000c5000000| Untracked |  0
|  57|0x00000000c5100000, 0x00000000c5100000, 0x00000000c5200000|  0%| F|  |TAMS 0x00000000c5100000| PB 0x00000000c5100000| Untracked |  0
|  58|0x00000000c5200000, 0x00000000c5200000, 0x00000000c5300000|  0%| F|  |TAMS 0x00000000c5200000| PB 0x00000000c5200000| Untracked |  0
|  59|0x00000000c5300000, 0x00000000c5300000, 0x00000000c5400000|  0%| F|  |TAMS 0x00000000c5300000| PB 0x00000000c5300000| Untracked |  0
|  60|0x00000000c5400000, 0x00000000c5400000, 0x00000000c5500000|  0%| F|  |TAMS 0x00000000c5400000| PB 0x00000000c5400000| Untracked |  0
|  61|0x00000000c5500000, 0x00000000c5500000, 0x00000000c5600000|  0%| F|  |TAMS 0x00000000c5500000| PB 0x00000000c5500000| Untracked |  0
|  62|0x00000000c5600000, 0x00000000c5600000, 0x00000000c5700000|  0%| F|  |TAMS 0x00000000c5600000| PB 0x00000000c5600000| Untracked |  0
|  63|0x00000000c5700000, 0x00000000c57e1518, 0x00000000c5800000| 88%| E|  |TAMS 0x00000000c5700000| PB 0x00000000c5700000| Complete |  0

Card table byte_map: [0x000001ee95c20000,0x000001ee95e20000] _byte_map_base: 0x000001ee95614000

Marking Bits: (CMBitMap*) 0x000001ee8edc01f0
 Bits: [0x000001ee95e20000, 0x000001ee96dc0000)

Polling page: 0x000001ee8cd40000

Metaspace:

Usage:
  Non-class:      2.77 MB used.
      Class:    414.91 KB used.
       Both:      3.17 MB used.

Virtual space:
  Non-class space:       64.00 MB reserved,       2.88 MB (  4%) committed,  1 nodes.
      Class space:        1.00 GB reserved,     512.00 KB ( <1%) committed,  1 nodes.
             Both:        1.06 GB reserved,       3.38 MB ( <1%) committed. 

Chunk freelists:
   Non-Class:  11.92 MB
       Class:  15.52 MB
        Both:  27.44 MB

MaxMetaspaceSize: unlimited
CompressedClassSpaceSize: 1.00 GB
Initial GC threshold: 21.00 MB
Current GC threshold: 21.00 MB
CDS: on
 - commit_granule_bytes: 65536.
 - commit_granule_words: 8192.
 - virtual_space_node_default_size: 8388608.
 - enlarge_chunks_in_place: 1.
 - use_allocation_guard: 0.


Internal statistics:

num_allocs_failed_limit: 0.
num_arena_births: 88.
num_arena_deaths: 0.
num_vsnodes_births: 2.
num_vsnodes_deaths: 0.
num_space_committed: 54.
num_space_uncommitted: 0.
num_chunks_returned_to_freelist: 0.
num_chunks_taken_from_freelist: 91.
num_chunk_merges: 0.
num_chunk_splits: 65.
num_chunks_enlarged: 41.
num_inconsistent_stats: 0.

CodeCache: size=49152Kb used=2319Kb max_used=2319Kb free=46832Kb
 bounds [0x000001ee92c20000, 0x000001ee92e90000, 0x000001ee95c20000]
 total_blobs=1462, nmethods=1008, adapters=380, full_count=0
Compilation: enabled, stopped_count=0, restarted_count=0

Compilation events (20 events):
Event: 4.596 Thread 0x000001ee99239ef0  999       1       sun.invoke.util.VerifyAccess::isMemberAccessible (338 bytes)
Event: 4.598 Thread 0x000001ee99239ef0 nmethod 999 0x000001ee92e5b208 code [0x000001ee92e5b440, 0x000001ee92e5bcd0]
Event: 4.599 Thread 0x000001ee99239ef0 1000       1       java.lang.ref.SoftReference::<init> (13 bytes)
Event: 4.599 Thread 0x000001ee99239ef0 nmethod 1000 0x000001ee92e5bd88 code [0x000001ee92e5bea0, 0x000001ee92e5c030]
Event: 4.601 Thread 0x000001ee99239ef0 1001       1       javax.management.StandardMBean::getDescription (11 bytes)
Event: 4.601 Thread 0x000001ee99239ef0 nmethod 1001 0x000001ee92e5c088 code [0x000001ee92e5c1a0, 0x000001ee92e5c2a8]
Event: 4.672 Thread 0x000001ee99239ef0 1002       1       jdk.internal.jimage.ImageLocation::readValue (61 bytes)
Event: 4.672 Thread 0x000001ee99239ef0 nmethod 1002 0x000001ee92e5f508 code [0x000001ee92e5f640, 0x000001ee92e5f848]
Event: 4.674 Thread 0x000001ee99239ef0 1003  s!   1       jdk.internal.loader.URLClassPath::getLoader (194 bytes)
Event: 4.676 Thread 0x000001ee99239ef0 nmethod 1003 0x000001ee92e5f888 code [0x000001ee92e5fb00, 0x000001ee92e60968]
Event: 4.676 Thread 0x000001ee99239ef0 1004       1       jdk.internal.loader.URLClassPath$JarLoader::findResource (18 bytes)
Event: 4.677 Thread 0x000001ee99239ef0 nmethod 1004 0x000001ee92e60a88 code [0x000001ee92e60bc0, 0x000001ee92e60d10]
Event: 4.677 Thread 0x000001ee99239ef0 1005   !   1       jdk.internal.loader.URLClassPath$JarLoader::getResource (40 bytes)
Event: 4.677 Thread 0x000001ee99239ef0 nmethod 1005 0x000001ee92e60d88 code [0x000001ee92e60ee0, 0x000001ee92e61180]
Event: 4.677 Thread 0x000001ee99239ef0 1006       1       java.util.jar.JarFile::getJarEntry (9 bytes)
Event: 4.678 Thread 0x000001ee99239ef0 nmethod 1006 0x000001ee92e61208 code [0x000001ee92e61360, 0x000001ee92e61568]
Event: 4.678 Thread 0x000001ee99239ef0 1007       1       java.util.jar.JarFile::getEntry (35 bytes)
Event: 4.678 Thread 0x000001ee99239ef0 nmethod 1007 0x000001ee92e61588 code [0x000001ee92e616e0, 0x000001ee92e61920]
Event: 4.678 Thread 0x000001ee99239ef0 1008   !   1       java.util.jar.JarFile::isMultiRelease (33 bytes)
Event: 4.678 Thread 0x000001ee99239ef0 nmethod 1008 0x000001ee92e61988 code [0x000001ee92e61aa0, 0x000001ee92e61c00]

GC Heap History (2 events):
Event: 4.511 GC heap before
{Heap before GC invocations=0 (full 0):
 garbage-first heap   total reserved 1024000K, committed 65536K, used 17408K [0x00000000c1800000, 0x0000000100000000)
  region size 1024K, 14 young (14336K), 0 survivors (0K)
 Metaspace       used 3036K, committed 3200K, reserved 1114112K
  class space    used 382K, committed 448K, reserved 1048576K
}
Event: 4.554 GC heap after
{Heap after GC invocations=1 (full 0):
 garbage-first heap   total reserved 1024000K, committed 65536K, used 9029K [0x00000000c1800000, 0x0000000100000000)
  region size 1024K, 2 young (2048K), 2 survivors (2048K)
 Metaspace       used 3036K, committed 3200K, reserved 1114112K
  class space    used 382K, committed 448K, reserved 1048576K
}

Dll operation events (8 events):
Event: 0.111 Loaded shared library C:\Users\DELL\.p2\pool\plugins\org.eclipse.justj.openjdk.hotspot.jre.full.win32.x86_64_23.0.1.v20241024-1700\jre\bin\java.dll
Event: 2.141 Loaded shared library C:\Users\DELL\.p2\pool\plugins\org.eclipse.justj.openjdk.hotspot.jre.full.win32.x86_64_23.0.1.v20241024-1700\jre\bin\zip.dll
Event: 2.279 Loaded shared library C:\Users\DELL\.p2\pool\plugins\org.eclipse.justj.openjdk.hotspot.jre.full.win32.x86_64_23.0.1.v20241024-1700\jre\bin\jimage.dll
Event: 2.315 Loaded shared library C:\Users\DELL\.p2\pool\plugins\org.eclipse.justj.openjdk.hotspot.jre.full.win32.x86_64_23.0.1.v20241024-1700\jre\bin\net.dll
Event: 2.321 Loaded shared library C:\Users\DELL\.p2\pool\plugins\org.eclipse.justj.openjdk.hotspot.jre.full.win32.x86_64_23.0.1.v20241024-1700\jre\bin\nio.dll
Event: 2.332 Loaded shared library C:\Users\DELL\.p2\pool\plugins\org.eclipse.justj.openjdk.hotspot.jre.full.win32.x86_64_23.0.1.v20241024-1700\jre\bin\zip.dll
Event: 3.019 Loaded shared library C:\Users\DELL\.p2\pool\plugins\org.eclipse.justj.openjdk.hotspot.jre.full.win32.x86_64_23.0.1.v20241024-1700\jre\bin\management.dll
Event: 3.359 Loaded shared library C:\Users\DELL\.p2\pool\plugins\org.eclipse.justj.openjdk.hotspot.jre.full.win32.x86_64_23.0.1.v20241024-1700\jre\bin\management_ext.dll

Deoptimization events (0 events):
No events

Classes loaded (20 events):
Event: 4.668 Loading class java/util/concurrent/ConcurrentSkipListMap$KeySet done
Event: 4.669 Loading class java/util/concurrent/ConcurrentSkipListMap$KeyIterator
Event: 4.669 Loading class java/util/concurrent/ConcurrentSkipListMap$Iter
Event: 4.669 Loading class java/util/concurrent/ConcurrentSkipListMap$Iter done
Event: 4.669 Loading class java/util/concurrent/ConcurrentSkipListMap$KeyIterator done
Event: 4.669 Loading class java/net/InetAddress$NameServiceAddresses
Event: 4.670 Loading class java/net/InetAddress$Addresses
Event: 4.670 Loading class java/net/InetAddress$Addresses done
Event: 4.670 Loading class java/net/InetAddress$NameServiceAddresses done
Event: 4.670 Loading class java/net/spi/InetAddressResolverProvider
Event: 4.671 Loading class java/net/spi/InetAddressResolverProvider done
Event: 4.685 Loading class java/net/UnknownHostException
Event: 4.685 Loading class java/net/UnknownHostException done
Event: 4.686 Loading class sun/net/InetAddressCachePolicy
Event: 4.686 Loading class sun/net/InetAddressCachePolicy done
Event: 4.687 Loading class sun/net/InetAddressCachePolicy$1
Event: 4.687 Loading class sun/net/InetAddressCachePolicy$1 done
Event: 4.687 Loading class java/net/InetAddress$CachedLookup
Event: 4.687 Loading class java/net/InetAddress$CachedLookup done
Event: 4.690 Loading class java/lang/invoke/VarHandleInts$FieldInstanceReadWrite

Classes unloaded (0 events):
No events

Classes redefined (0 events):
No events

Internal exceptions (8 events):
Event: 3.407 Thread 0x000001ee8ed80eb0 Exception <a 'java/lang/NoSuchMethodError'{0x00000000c4fcaa50}: 'int java.lang.invoke.DirectMethodHandle$Holder.invokeInterface(java.lang.Object, java.lang.Object)'> (0x00000000c4fcaa50) 
thrown [s\src\hotspot\share\interpreter\linkResolver.cpp, line 796]
Event: 3.416 Thread 0x000001ee8ed80eb0 Exception <a 'java/lang/IncompatibleClassChangeError'{0x00000000c4fcde60}: Found class java.lang.Object, but interface was expected> (0x00000000c4fcde60) 
thrown [s\src\hotspot\share\interpreter\linkResolver.cpp, line 863]
Event: 3.452 Thread 0x000001ee8ed80eb0 Exception <a 'java/lang/NoSuchMethodError'{0x00000000c4fd3678}: 'void java.lang.invoke.DirectMethodHandle$Holder.invokeStatic(java.lang.Object, java.lang.Object)'> (0x00000000c4fd3678) 
thrown [s\src\hotspot\share\interpreter\linkResolver.cpp, line 796]
Event: 3.890 Thread 0x000001ee8ed80eb0 Exception <a 'java/lang/NoSuchMethodError'{0x00000000c4eb7770}: 'void java.lang.invoke.DirectMethodHandle$Holder.invokeSpecial(java.lang.Object, java.lang.Object, java.lang.Object)'> (0x00000000c4eb7770) 
thrown [s\src\hotspot\share\interpreter\linkResolver.cpp, line 796]
Event: 3.897 Thread 0x000001ee8ed80eb0 Exception <a 'java/lang/NoSuchMethodError'{0x00000000c4ec1138}: 'void java.lang.invoke.DirectMethodHandle$Holder.invokeStatic(java.lang.Object, int, java.lang.Object)'> (0x00000000c4ec1138) 
thrown [s\src\hotspot\share\interpreter\linkResolver.cpp, line 796]
Event: 3.983 Thread 0x000001ee8ed80eb0 Exception <a 'java/lang/NoSuchMethodError'{0x00000000c4d08940}: 'int java.lang.invoke.DirectMethodHandle$Holder.invokeSpecial(java.lang.Object, java.lang.Object, java.lang.Object)'> (0x00000000c4d08940) 
thrown [s\src\hotspot\share\interpreter\linkResolver.cpp, line 796]
Event: 4.182 Thread 0x000001ee8ed80eb0 Exception <a 'java/lang/NoSuchMethodError'{0x00000000c4c74040}: 'java.lang.Object java.lang.invoke.DirectMethodHandle$Holder.invokeStaticInit(java.lang.Object, java.lang.Object, java.lang.Object)'> (0x00000000c4c74040) 
thrown [s\src\hotspot\share\interpreter\linkResolver.cpp, line 796]
Event: 4.686 Thread 0x000001ee8ed80eb0 Exception <a 'java/net/UnknownHostException'{0x00000000c57db940}> (0x00000000c57db940) 
thrown [s\src\hotspot\share\prims\jni.cpp, line 520]

VM Operations (12 events):
Event: 2.104 Executing VM operation: HandshakeAllThreads (Deoptimize)
Event: 2.106 Executing VM operation: HandshakeAllThreads (Deoptimize) done
Event: 3.490 Executing VM operation: HandshakeAllThreads (Deoptimize)
Event: 3.490 Executing VM operation: HandshakeAllThreads (Deoptimize) done
Event: 3.592 Executing VM operation: HandshakeAllThreads (Deoptimize)
Event: 3.592 Executing VM operation: HandshakeAllThreads (Deoptimize) done
Event: 4.511 Executing VM operation: G1CollectForAllocation (G1 Evacuation Pause)
Event: 4.554 Executing VM operation: G1CollectForAllocation (G1 Evacuation Pause) done
Event: 4.605 Executing VM operation: HandshakeAllThreads (Deoptimize)
Event: 4.606 Executing VM operation: HandshakeAllThreads (Deoptimize) done
Event: 4.686 Executing VM operation: HandshakeAllThreads (Deoptimize)
Event: 4.686 Executing VM operation: HandshakeAllThreads (Deoptimize) done

Memory protections (0 events):
No events

Nmethod flushes (0 events):
No events

Events (10 events):
Event: 0.559 Thread 0x000001ee8ed80eb0 Thread added: 0x000001ee8ed80eb0
Event: 0.711 Thread 0x000001ee8ed80eb0 Thread added: 0x000001ee9922ae80
Event: 0.718 Thread 0x000001ee8ed80eb0 Thread added: 0x000001ee9922e600
Event: 0.723 Thread 0x000001ee8ed80eb0 Thread added: 0x000001ee99230f00
Event: 0.724 Thread 0x000001ee8ed80eb0 Thread added: 0x000001ee99232ee0
Event: 0.727 Thread 0x000001ee8ed80eb0 Thread added: 0x000001ee99234be0
Event: 0.728 Thread 0x000001ee8ed80eb0 Thread added: 0x000001ee99238b40
Event: 0.728 Thread 0x000001ee8ed80eb0 Thread added: 0x000001ee99239ef0
Event: 2.079 Thread 0x000001ee8ed80eb0 Thread added: 0x000001ee99321220
Event: 2.206 Thread 0x000001ee8ed80eb0 Thread added: 0x000001ee9936bc70


Dynamic libraries:
0x00007ff603760000 - 0x00007ff60376e000 	C:\Users\DELL\.p2\pool\plugins\org.eclipse.justj.openjdk.hotspot.jre.full.win32.x86_64_23.0.1.v20241024-1700\jre\bin\javaw.exe
0x00007ffff7850000 - 0x00007ffff7a48000 	C:\Windows\SYSTEM32\ntdll.dll
0x00007ffff62f0000 - 0x00007ffff63b2000 	C:\Windows\System32\KERNEL32.DLL
0x00007ffff5570000 - 0x00007ffff5866000 	C:\Windows\System32\KERNELBASE.dll
0x00007ffff50e0000 - 0x00007ffff51e0000 	C:\Windows\System32\ucrtbase.dll
0x00007fffce880000 - 0x00007fffce897000 	C:\Users\DELL\.p2\pool\plugins\org.eclipse.justj.openjdk.hotspot.jre.full.win32.x86_64_23.0.1.v20241024-1700\jre\bin\jli.dll
0x00007fffcbd90000 - 0x00007fffcbdae000 	C:\Users\DELL\.p2\pool\plugins\org.eclipse.justj.openjdk.hotspot.jre.full.win32.x86_64_23.0.1.v20241024-1700\jre\bin\VCRUNTIME140.dll
0x00007ffff6640000 - 0x00007ffff67dd000 	C:\Windows\System32\USER32.dll
0x00007ffff54b0000 - 0x00007ffff54d2000 	C:\Windows\System32\win32u.dll
0x00007ffff6fe0000 - 0x00007ffff700b000 	C:\Windows\System32\GDI32.dll
0x00007fffdcaf0000 - 0x00007fffdcd8a000 	C:\Windows\WinSxS\amd64_microsoft.windows.common-controls_6595b64144ccf1df_6.0.19041.5915_none_60b4b9d171f9c7c7\COMCTL32.dll
0x00007ffff5390000 - 0x00007ffff54a9000 	C:\Windows\System32\gdi32full.dll
0x00007ffff6cd0000 - 0x00007ffff6d6e000 	C:\Windows\System32\msvcrt.dll
0x00007ffff5040000 - 0x00007ffff50dd000 	C:\Windows\System32\msvcp_win.dll
0x00007ffff6ca0000 - 0x00007ffff6ccf000 	C:\Windows\System32\IMM32.DLL
0x00007fffe8b70000 - 0x00007fffe8b7c000 	C:\Users\DELL\.p2\pool\plugins\org.eclipse.justj.openjdk.hotspot.jre.full.win32.x86_64_23.0.1.v20241024-1700\jre\bin\vcruntime140_1.dll
0x00007fffbfbc0000 - 0x00007fffbfc4d000 	C:\Users\DELL\.p2\pool\plugins\org.eclipse.justj.openjdk.hotspot.jre.full.win32.x86_64_23.0.1.v20241024-1700\jre\bin\msvcp140.dll
0x00007fff961f0000 - 0x00007fff96fbd000 	C:\Users\DELL\.p2\pool\plugins\org.eclipse.justj.openjdk.hotspot.jre.full.win32.x86_64_23.0.1.v20241024-1700\jre\bin\server\jvm.dll
0x00007ffff6be0000 - 0x00007ffff6c91000 	C:\Windows\System32\ADVAPI32.dll
0x00007ffff61f0000 - 0x00007ffff628f000 	C:\Windows\System32\sechost.dll
0x00007ffff60a0000 - 0x00007ffff61c3000 	C:\Windows\System32\RPCRT4.dll
0x00007ffff5010000 - 0x00007ffff5037000 	C:\Windows\System32\bcrypt.dll
0x00007ffff67e0000 - 0x00007ffff684b000 	C:\Windows\System32\WS2_32.dll
0x00007ffff4d40000 - 0x00007ffff4d8b000 	C:\Windows\SYSTEM32\POWRPROF.dll
0x00007fffe8910000 - 0x00007fffe8937000 	C:\Windows\SYSTEM32\WINMM.dll
0x00007fffeaaf0000 - 0x00007fffeaafa000 	C:\Windows\SYSTEM32\VERSION.dll
0x00007ffff4d20000 - 0x00007ffff4d32000 	C:\Windows\SYSTEM32\UMPDC.dll
0x00007ffff36c0000 - 0x00007ffff36d2000 	C:\Windows\SYSTEM32\kernel.appcore.dll
0x00007fffecab0000 - 0x00007fffecaba000 	C:\Users\DELL\.p2\pool\plugins\org.eclipse.justj.openjdk.hotspot.jre.full.win32.x86_64_23.0.1.v20241024-1700\jre\bin\jimage.dll
0x00007fffefbb0000 - 0x00007fffefdb1000 	C:\Windows\SYSTEM32\DBGHELP.DLL
0x00007fffd3430000 - 0x00007fffd3464000 	C:\Windows\SYSTEM32\dbgcore.DLL
0x00007ffff54e0000 - 0x00007ffff5562000 	C:\Windows\System32\bcryptPrimitives.dll
0x00007fffcc160000 - 0x00007fffcc17e000 	C:\Users\DELL\.p2\pool\plugins\org.eclipse.justj.openjdk.hotspot.jre.full.win32.x86_64_23.0.1.v20241024-1700\jre\bin\java.dll
0x00007ffff6ab0000 - 0x00007ffff6bdb000 	C:\Windows\System32\ole32.dll
0x00007ffff5870000 - 0x00007ffff5bc3000 	C:\Windows\System32\combase.dll
0x00007ffff70a0000 - 0x00007ffff780e000 	C:\Windows\System32\SHELL32.dll
0x00007fffefdc0000 - 0x00007ffff0564000 	C:\Windows\SYSTEM32\windows.storage.dll
0x00007ffff4840000 - 0x00007ffff486b000 	C:\Windows\SYSTEM32\Wldp.dll
0x00007ffff6850000 - 0x00007ffff691d000 	C:\Windows\System32\OLEAUT32.dll
0x00007ffff6d80000 - 0x00007ffff6e2d000 	C:\Windows\System32\SHCORE.dll
0x00007ffff6040000 - 0x00007ffff609b000 	C:\Windows\System32\shlwapi.dll
0x00007ffff4e10000 - 0x00007ffff4e35000 	C:\Windows\SYSTEM32\profapi.dll
0x00007fffcaee0000 - 0x00007fffcaef7000 	C:\Users\DELL\.p2\pool\plugins\org.eclipse.justj.openjdk.hotspot.jre.full.win32.x86_64_23.0.1.v20241024-1700\jre\bin\zip.dll
0x00007fffebc10000 - 0x00007fffebc20000 	C:\Users\DELL\.p2\pool\plugins\org.eclipse.justj.openjdk.hotspot.jre.full.win32.x86_64_23.0.1.v20241024-1700\jre\bin\net.dll
0x00007ffff45a0000 - 0x00007ffff460a000 	C:\Windows\system32\mswsock.dll
0x00007fffca720000 - 0x00007fffca736000 	C:\Users\DELL\.p2\pool\plugins\org.eclipse.justj.openjdk.hotspot.jre.full.win32.x86_64_23.0.1.v20241024-1700\jre\bin\nio.dll
0x00007fffdf8e0000 - 0x00007fffdf8ea000 	C:\Users\DELL\.p2\pool\plugins\org.eclipse.justj.openjdk.hotspot.jre.full.win32.x86_64_23.0.1.v20241024-1700\jre\bin\management.dll
0x00007fffdf070000 - 0x00007fffdf07b000 	C:\Users\DELL\.p2\pool\plugins\org.eclipse.justj.openjdk.hotspot.jre.full.win32.x86_64_23.0.1.v20241024-1700\jre\bin\management_ext.dll
0x00007ffff6630000 - 0x00007ffff6638000 	C:\Windows\System32\PSAPI.DLL
0x00007fffca3d0000 - 0x00007fffca3eb000 	C:\Windows\system32\pnrpnsp.dll
0x00007fffc8fa0000 - 0x00007fffc8fbd000 	C:\Windows\system32\wshbth.dll
0x00007ffff42c0000 - 0x00007ffff438a000 	C:\Windows\SYSTEM32\DNSAPI.dll
0x00007ffff4280000 - 0x00007ffff42bb000 	C:\Windows\SYSTEM32\IPHLPAPI.DLL
0x00007ffff6aa0000 - 0x00007ffff6aa8000 	C:\Windows\System32\NSI.dll
0x00007fffc8f80000 - 0x00007fffc8f92000 	C:\Windows\System32\winrnr.dll
0x00007fffe8b60000 - 0x00007fffe8b6a000 	C:\Windows\System32\rasadhlp.dll

dbghelp: loaded successfully - version: 4.0.5 - missing functions: none
symbol engine: initialized successfully - sym options: 0x614 - pdb path: .;C:\Users\DELL\.p2\pool\plugins\org.eclipse.justj.openjdk.hotspot.jre.full.win32.x86_64_23.0.1.v20241024-1700\jre\bin;C:\Windows\SYSTEM32;C:\Windows\WinSxS\amd64_microsoft.windows.common-controls_6595b64144ccf1df_6.0.19041.5915_none_60b4b9d171f9c7c7;C:\Users\DELL\.p2\pool\plugins\org.eclipse.justj.openjdk.hotspot.jre.full.win32.x86_64_23.0.1.v20241024-1700\jre\bin\server

VM Arguments:
jvm_args: -Dcom.sun.management.jmxremote -Dcom.sun.management.jmxremote.port=56713 -Dcom.sun.management.jmxremote.authenticate=false -Dcom.sun.management.jmxremote.ssl=false -Djava.rmi.server.hostname=localhost -Dspring.jmx.enabled=true -Dmanagement.endpoints.jmx.exposure.include=* -Dspring.application.admin.enabled=true -Dspring.output.ansi.enabled=always -XX:TieredStopAtLevel=1 -Dspring.boot.project.name=OperationalExecutive-CarLoan -Dfile.encoding=UTF-8 -Dstdout.encoding=UTF-8 -Dstderr.encoding=UTF-8 -XX:+ShowCodeDetailsInExceptionMessages 
java_command: com.oe.OperationalExecutiveCarLoanApplication
java_class_path (initial): C:\Users\DELL\git\Car-Loan-App\OperationalExecutive-CarLoan\target\classes;C:\Users\DELL\.m2\repository\org\springframework\boot\spring-boot-starter-web\3.5.3\spring-boot-starter-web-3.5.3.jar;C:\Users\DELL\.m2\repository\org\springframework\boot\spring-boot-starter\3.5.3\spring-boot-starter-3.5.3.jar;C:\Users\DELL\.m2\repository\org\springframework\boot\spring-boot-starter-logging\3.5.3\spring-boot-starter-logging-3.5.3.jar;C:\Users\DELL\.m2\repository\ch\qos\logback\logback-classic\1.5.18\logback-classic-1.5.18.jar;C:\Users\DELL\.m2\repository\ch\qos\logback\logback-core\1.5.18\logback-core-1.5.18.jar;C:\Users\DELL\.m2\repository\org\apache\logging\log4j\log4j-to-slf4j\2.24.3\log4j-to-slf4j-2.24.3.jar;C:\Users\DELL\.m2\repository\org\apache\logging\log4j\log4j-api\2.24.3\log4j-api-2.24.3.jar;C:\Users\DELL\.m2\repository\org\slf4j\jul-to-slf4j\2.0.17\jul-to-slf4j-2.0.17.jar;C:\Users\DELL\.m2\repository\org\yaml\snakeyaml\2.4\snakeyaml-2.4.jar;C:\Users\DELL\.m2\repository\org\springframework\boot\spring-boot-starter-json\3.5.3\spring-boot-starter-json-3.5.3.jar;C:\Users\DELL\.m2\repository\com\fasterxml\jackson\core\jackson-databind\2.19.1\jackson-databind-2.19.1.jar;C:\Users\DELL\.m2\repository\com\fasterxml\jackson\datatype\jackson-datatype-jdk8\2.19.1\jackson-datatype-jdk8-2.19.1.jar;C:\Users\DELL\.m2\repository\com\fasterxml\jackson\datatype\jackson-datatype-jsr310\2.19.1\jackson-datatype-jsr310-2.19.1.jar;C:\Users\DELL\.m2\repository\com\fasterxml\jackson\module\jackson-module-parameter-names\2.19.1\jackson-module-parameter-names-2.19.1.jar;C:\Users\DELL\.m2\repository\org\springframework\spring-web\6.2.8\spring-web-6.2.8.jar;C:\Users\DELL\.m2\repository\org\springframework\spring-beans\6.2.8\spring-beans-6.2.8.jar;C:\Users\DELL\.m2\repository\io\micrometer\micrometer-observation\1.15.1\micrometer-observation-1.15.1.jar;C:\Users\DELL\.m2\repository\io\micrometer\micrometer-commons\1.15.1\micrometer-commons-1.15.1.jar;C:\Users\DELL\.m2\repository\org\springframework\spring-webmvc\6.2.8\spring-webmvc-6.2.8.jar;C:\Users\DELL\.m2\repository\org\springframework\spring-aop\6.2.8\spring-aop-6.2.8.jar;C:\Users\DELL\.m2\repository\org\springframework\spring-context\6.2.8\spring-context-6.2.8.jar;C:\Users\DELL\.m2\repository\org\springframework\spring-expression\6.2.8\spring-expression-6.2.8.jar;C:\Users\DELL\.m2\repository\org\springframework\boot\spring-boot-starter-tomcat\3.5.3\spring-boot-starter-tomcat-3.5.3.jar;C:\Users\DELL\.m2\repository\jakarta\annotation\jakarta.annotation-api\2.1.1\jakarta.annotation-api-2.1.1.jar;C:\Users\DELL\.m2\repository\org\apache\tomcat\embed\tomcat-embed-core\10.1.42\tomcat-embed-core-10.1.42.jar;C:\Users\DELL\.m2\repository\org\apache\tomcat\embed\tomcat-embed-el\10.1.42\tomcat-embed-el-10.1.42.jar;C:\Users\DELL\.m2\repository\org\apache\tomcat\embed\tomcat-embed-websocket\10.1.42\tomcat-embed-websocket-10.1.42.jar;C:\Users\DELL\.m2\repository\org\slf4j\slf4j-api\2.0.17\slf4j-api-2.0.17.jar;C:\Users\DELL\.m2\repository\jakarta\xml\bind\jakarta.xml.bind-api\4.0.2\jakarta.xml.bind-api-4.0.2.jar;C:\Users\DELL\.m2\repository\jakarta\activation\jakarta.activation-api\2.1.3\jakarta.activation-api-2.1.3.jar;C:\Users\DELL\.m2\repository\net\bytebuddy\byte-buddy\1.17.6\byte-buddy-1.17.6.jar;C:\Users\DELL\.m2\repository\org\springframework\spring-core\6.2.8\spring-core-6.2.8.jar;C:\Users\DELL\.m2\repository\org\springframework\spring-jcl\6.2.8\spring-jcl-6.2.8.jar;C:\Users\DELL\.m2\repository\org\springframework\boot\spring-boot-starter-data-jpa\3.5.3\spring-boot-starter-data-jpa-3.5.3.jar;C:\Users\DELL\.m2\repository\org\springframework\boot\spring-boot-starter-jdbc\3.5.3\spring-boot-starter-jdbc-3.5.3.jar;C:\Users\DELL\.m2\repository\com\zaxxer\HikariCP\6.3.0\HikariCP-6.3.0.jar;C:\Users\DELL\.m2\repository\org\springframework\spring-jdbc\6.2.8\spring-jdbc-6.2.8.jar;C:\Users\DELL\.m2\repository\org\hibernate\orm\hibernate-core\6.6.18.Final\hibernate-core-6.6.18.Final.jar;C:\Users\DELL\.m2\repository\jakarta\persistence\jakarta.persistence-api\3.1.0\jakarta.persistence-api-3.1.0.jar;C:\Users\DELL\.m2\repository\jakarta\transaction\jakarta.transaction-api\2.0.1\jakarta.transaction-api-2.0.1.jar;C:\Users\DELL\.m2\repository\org\jboss\logging\jboss-logging\3.6.1.Final\jboss-logging-3.6.1.Final.jar;C:\Users\DELL\.m2\repository\org\hibernate\common\hibernate-commons-annotations\7.0.3.Final\hibernate-commons-annotations-7.0.3.Final.jar;C:\Users\DELL\.m2\repository\io\smallrye\jandex\3.2.0\jandex-3.2.0.jar;C:\Users\DELL\.m2\repository\com\fasterxml\classmate\1.7.0\classmate-1.7.0.jar;C:\Users\DELL\.m2\repository\org\glassfish\jaxb\jaxb-runtime\4.0.5\jaxb-runtime-4.0.5.jar;C:\Users\DELL\.m2\repository\org\glassfish\jaxb\jaxb-core\4.0.5\jaxb-core-4.0.5.jar;C:\Users\DELL\.m2\repository\org\glassfish\jaxb\txw2\4.0.5\txw2-4.0.5.jar;C:\Users\DELL\.m2\repository\com\sun\istack\istack-commons-runtime\4.1.2\istack-commons-runtime-4.1.2.jar;C:\Users\DELL\.m2\repository\jakarta\inject\jakarta.inject-api\2.0.1\jakarta.inject-api-2.0.1.jar;C:\Users\DELL\.m2\repository\org\antlr\antlr4-runtime\4.13.0\antlr4-runtime-4.13.0.jar;C:\Users\DELL\.m2\repository\org\springframework\data\spring-data-jpa\3.5.1\spring-data-jpa-3.5.1.jar;C:\Users\DELL\.m2\repository\org\springframework\data\spring-data-commons\3.5.1\spring-data-commons-3.5.1.jar;C:\Users\DELL\.m2\repository\org\springframework\spring-orm\6.2.8\spring-orm-6.2.8.jar;C:\Users\DELL\.m2\repository\org\springframework\spring-tx\6.2.8\spring-tx-6.2.8.jar;C:\Users\DELL\.m2\repository\org\springframework\spring-aspects\6.2.8\spring-aspects-6.2.8.jar;C:\Users\DELL\.m2\repository\org\aspectj\aspectjweaver\1.9.24\aspectjweaver-1.9.24.jar;C:\Users\DELL\.m2\repository\org\springframework\boot\spring-boot-devtools\3.5.3\spring-boot-devtools-3.5.3.jar;C:\Users\DELL\.m2\repository\org\springframework\boot\spring-boot\3.5.3\spring-boot-3.5.3.jar;C:\Users\DELL\.m2\repository\org\springframework\boot\spring-boot-autoconfigure\3.5.3\spring-boot-autoconfigure-3.5.3.jar;C:\Users\DELL\.m2\repository\org\springframework\boot\spring-boot-starter-mail\3.5.3\spring-boot-starter-mail-3.5.3.jar;C:\Users\DELL\.m2\repository\org\springframework\spring-context-support\6.2.8\spring-context-support-6.2.8.jar;C:\Users\DELL\.m2\repository\org\eclipse\angus\jakarta.mail\2.0.3\jakarta.mail-2.0.3.jar;C:\Users\DELL\.m2\repository\org\eclipse\angus\angus-activation\2.0.2\angus-activation-2.0.2.jar;C:\Users\DELL\.m2\repository\com\mysql\mysql-connector-j\9.2.0\mysql-connector-j-9.2.0.jar;C:\Users\DELL\.m2\repository\org\springframework\cloud\spring-cloud-starter-netflix-eureka-client\4.3.0\spring-cloud-starter-netflix-eureka-client-4.3.0.jar;C:\Users\DELL\.m2\repository\org\springframework\cloud\spring-cloud-starter\4.3.0\spring-cloud-starter-4.3.0.jar;C:\Users\DELL\.m2\repository\org\springframework\cloud\spring-cloud-context\4.3.0\spring-cloud-context-4.3.0.jar;C:\Users\DELL\.m2\repository\org\springframework\security\spring-security-crypto\6.5.1\spring-security-crypto-6.5.1.jar;C:\Users\DELL\.m2\repository\org\springframework\cloud\spring-cloud-commons\4.3.0\spring-cloud-commons-4.3.0.jar;C:\Users\DELL\.m2\repository\org\bouncycastle\bcprov-jdk18on\1.80\bcprov-jdk18on-1.80.jar;C:\Users\DELL\.m2\repository\org\springframework\cloud\spring-cloud-netflix-eureka-client\4.3.0\spring-cloud-netflix-eureka-client-4.3.0.jar;C:\Users\DELL\.m2\repository\org\apache\httpcomponents\client5\httpclient5\5.5\httpclient5-5.5.jar;C:\Users\DELL\.m2\repository\org\apache\httpcomponents\core5\httpcore5\5.3.4\httpcore5-5.3.4.jar;C:\Users\DELL\.m2\repository\org\apache\httpcomponents\core5\httpcore5-h2\5.3.4\httpcore5-h2-5.3.4.jar;C:\Users\DELL\.m2\repository\com\netflix\eureka\eureka-client\2.0.4\eureka-client-2.0.4.jar;C:\Users\DELL\.m2\repository\com\thoughtworks\xstream\xstream\1.4.20\xstream-1.4.20.jar;C:\Users\DELL\.m2\repository\io\github\x-stream\mxparser\1.2.2\mxparser-1.2.2.jar;C:\Users\DELL\.m2\repository\xmlpull\xmlpull\1.1.3.1\xmlpull-1.1.3.1.jar;C:\Users\DELL\.m2\repository\jakarta\ws\rs\jakarta.ws.rs-api\3.1.0\jakarta.ws.rs-api-3.1.0.jar;C:\Users\DELL\.m2\repository\com\netflix\spectator\spectator-api\1.7.3\spectator-api-1.7.3.jar;C:\Users\DELL\.m2\repository\org\apache\httpcomponents\httpclient\4.5.3\httpclient-4.5.3.jar;C:\Users\DELL\.m2\repository\org\apache\httpcomponents\httpcore\4.4.16\httpcore-4.4.16.jar;C:\Users\DELL\.m2\repository\commons-codec\commons-codec\1.18.0\commons-codec-1.18.0.jar;C:\Users\DELL\.m2\repository\commons-configuration\commons-configuration\1.10\commons-configuration-1.10.jar;C:\Users\DELL\.m2\repository\commons-lang\commons-lang\2.6\commons-lang-2.6.jar;C:\Users\DELL\.m2\repository\com\fasterxml\jackson\core\jackson-annotations\2.19.1\jackson-annotations-2.19.1.jar;C:\Users\DELL\.m2\repository\com\fasterxml\jackson\core\jackson-core\2.19.1\jackson-core-2.19.1.jar;C:\Users\DELL\.m2\repository\com\netflix\netflix-commons\netflix-eventbus\0.3.0\netflix-eventbus-0.3.0.jar;C:\Users\DELL\.m2\repository\com\netflix\netflix-commons\netflix-infix\0.3.0\netflix-infix-0.3.0.jar;C:\Users\DELL\.m2\repository\commons-jxpath\commons-jxpath\1.3\commons-jxpath-1.3.jar;C:\Users\DELL\.m2\repository\joda-time\joda-time\2.3\joda-time-2.3.jar;C:\Users\DELL\.m2\repository\org\antlr\antlr-runtime\3.4\antlr-runtime-3.4.jar;C:\Users\DELL\.m2\repository\org\antlr\stringtemplate\3.2.1\stringtemplate-3.2.1.jar;C:\Users\DELL\.m2\repository\antlr\antlr\2.7.7\antlr-2.7.7.jar;C:\Users\DELL\.m2\repository\com\google\guava\guava\14.0.1\guava-14.0.1.jar;C:\Users\DELL\.m2\repository\com\google\code\gson\gson\2.13.1\gson-2.13.1.jar;C:\Users\DELL\.m2\repository\com\google\errorprone\error_prone_annotations\2.38.0\error_prone_annotations-2.38.0.jar;C:\Users\DELL\.m2\repository\com\netflix\servo\servo-core\0.5.3\servo-core-0.5.3.jar;C:\Users\DELL\.m2\repository\org\apache\commons\commons-math\2.2\commons-math-2.2.jar;C:\Users\DELL\.m2\repository\javax\annotation\javax.annotation-api\1.2\javax.annotation-api-1.2.jar;C:\Users\DELL\.m2\repository\org\codehaus\jettison\jettison\1.5.4\jettison-1.5.4.jar;C:\Users\DELL\.m2\repository\org\springframework\cloud\spring-cloud-starter-loadbalancer\4.3.0\spring-cloud-starter-loadbalancer-4.3.0.jar;C:\Users\DELL\.m2\repository\org\springframework\cloud\spring-cloud-loadbalancer\4.3.0\spring-cloud-loadbalancer-4.3.0.jar;C:\Users\DELL\.m2\repository\io\projectreactor\reactor-core\3.7.7\reactor-core-3.7.7.jar;C:\Users\DELL\.m2\repository\org\reactivestreams\reactive-streams\1.0.4\reactive-streams-1.0.4.jar;C:\Users\DELL\.m2\repository\io\projectreactor\addons\reactor-extra\3.5.2\reactor-extra-3.5.2.jar;C:\Users\DELL\.m2\repository\org\springframework\boot\spring-boot-starter-cache\3.5.3\spring-boot-starter-cache-3.5.3.jar;C:\Users\DELL\.m2\repository\com\stoyanr\evictor\1.0.0\evictor-1.0.0.jar
Launcher Type: SUN_STANDARD

[Global flags]
     intx CICompilerCount                          = 3                                         {product} {ergonomic}
     uint ConcGCThreads                            = 1                                         {product} {ergonomic}
     uint G1ConcRefinementThreads                  = 4                                         {product} {ergonomic}
   size_t G1HeapRegionSize                         = 1048576                                   {product} {ergonomic}
   size_t InitialHeapSize                          = 67108864                                  {product} {ergonomic}
     bool ManagementServer                         = true                                      {product} {command line}
   size_t MarkStackSize                            = 4194304                                   {product} {ergonomic}
   size_t MarkStackSizeMax                         = 536870912                                 {product} {ergonomic}
   size_t MaxHeapSize                              = 1048576000                                {product} {ergonomic}
   size_t MaxNewSize                               = 629145600                                 {product} {ergonomic}
   size_t MinHeapDeltaBytes                        = 1048576                                   {product} {ergonomic}
   size_t MinHeapSize                              = 8388608                                   {product} {ergonomic}
    uintx NonNMethodCodeHeapSize                   = 4096                                   {pd product} {ergonomic}
    uintx NonProfiledCodeHeapSize                  = 0                                      {pd product} {ergonomic}
     bool ProfileInterpreter                       = false                                  {pd product} {command line}
    uintx ProfiledCodeHeapSize                     = 0                                      {pd product} {ergonomic}
     bool ShowCodeDetailsInExceptionMessages       = true                                   {manageable} {command line}
   size_t SoftMaxHeapSize                          = 1048576000                             {manageable} {ergonomic}
     intx TieredStopAtLevel                        = 1                                         {product} {command line}
     bool UseCompressedOops                        = true                           {product lp64_product} {ergonomic}
     bool UseG1GC                                  = true                                      {product} {ergonomic}
     bool UseLargePagesIndividualAllocation        = false                                  {pd product} {ergonomic}

Logging:
Log output configuration:
 #0: stdout all=warning uptime,level,tags foldmultilines=false
 #1: stderr all=off uptime,level,tags foldmultilines=false

Environment Variables:
PATH=C:/Users/DELL/.p2/pool/plugins/org.eclipse.justj.openjdk.hotspot.jre.full.win32.x86_64_23.0.1.v20241024-1700/jre/bin/server;C:/Users/DELL/.p2/pool/plugins/org.eclipse.justj.openjdk.hotspot.jre.full.win32.x86_64_23.0.1.v20241024-1700/jre/bin;C:\Program Files\Eclipse Adoptium\jdk-17.0.15.6-hotspot\bin;C:\Program Files (x86)\Common Files\Oracle\Java\java8path;C:\Program Files (x86)\Common Files\Oracle\Java\javapath;C:\Windows\system32;C:\Windows;C:\Windows\System32\Wbem;C:\Windows\System32\WindowsPowerShell\v1.0\;C:\Windows\System32\OpenSSH\;C:\Program Files\dotnet\;C:\Program Files (x86)\Intel\Intel(R) Management Engine Components\DAL;C:\Program Files\Intel\Intel(R) Management Engine Components\DAL;C:\Program Files\Polyspace\R2019a\runtime\win64;C:\Program Files\Polyspace\R2019a\bin;C:\Program Files\Polyspace\R2019a\polyspace\bin;C:\Program Files\Java\jdk1.8.0_131\bin;C:\ProgramData\chocolatey\bin;C:\Program Files\Git\cmd;C:\Program Files\nodejs\;C:\Program Files\MySQL\MySQL Shell 8.0\bin\;C:\Users\DELL\AppData\Local\Microsoft\WindowsApps;;C:\Program Files\JetBrains\PyCharm Community Edition 2022.3.1\bin;;C:\Users\DELL\AppData\Local\Programs\Microsoft VS Code\bin;C:\Users\DELL\AppData\Roaming\npm;C:\Windows\System32;
USERNAME=DELL
OS=Windows_NT
PROCESSOR_IDENTIFIER=Intel64 Family 6 Model 142 Stepping 9, GenuineIntel
TMP=C:\Users\DELL\AppData\Local\Temp
TEMP=C:\Users\DELL\AppData\Local\Temp




Periodic native trim disabled

---------------  S Y S T E M  ---------------

OS:
 Windows 10 , 64 bit Build 19041 (10.0.19041.5915)
OS uptime: 4 days 22:06 hours

CPU: total 4 (initial active 4) (2 cores per cpu, 2 threads per core) family 6 model 142 stepping 9 microcode 0xf4, cx8, cmov, fxsr, ht, mmx, 3dnowpref, sse, sse2, sse3, ssse3, sse4.1, sse4.2, popcnt, lzcnt, tsc, tscinvbit, avx, avx2, aes, erms, clmul, bmi1, bmi2, adx, fma, vzeroupper, clflush, clflushopt, rdtscp, f16c
Processor Information for the first 4 processors :
  Max Mhz: 2304, Current Mhz: 2304, Mhz Limit: 2304

Memory: 4k page, system-wide physical 3996M (83M free)
TotalPageFile size 16284M (AvailPageFile size 21M)
current process WorkingSet (physical memory assigned to process): 65M, peak: 65M
current process commit charge ("private bytes"): 139M, peak: 139M

vm_info: OpenJDK 64-Bit Server VM (23.0.1+11) for windows-amd64 JRE (23.0.1+11), built on 2024-10-15T00:00:00Z with MS VC++ 17.7 (VS2022)

END.
